\BOOKMARK [0][-]{chapter.1}{\376\377\0001\000\040\000N\000a\000m\000e\000s\000p\000a\000c\000e\000\040\000I\000n\000d\000e\000x}{}% 1
\BOOKMARK [1][-]{section.1.1}{\376\377\0001\000.\0001\000\040\000N\000a\000m\000e\000s\000p\000a\000c\000e\000\040\000L\000i\000s\000t}{chapter.1}% 2
\BOOKMARK [0][-]{chapter.2}{\376\377\0002\000\040\000H\000i\000e\000r\000a\000r\000c\000h\000i\000c\000a\000l\000\040\000I\000n\000d\000e\000x}{}% 3
\BOOKMARK [1][-]{section.2.1}{\376\377\0002\000.\0001\000\040\000C\000l\000a\000s\000s\000\040\000H\000i\000e\000r\000a\000r\000c\000h\000y}{chapter.2}% 4
\BOOKMARK [0][-]{chapter.3}{\376\377\0003\000\040\000C\000l\000a\000s\000s\000\040\000I\000n\000d\000e\000x}{}% 5
\BOOKMARK [1][-]{section.3.1}{\376\377\0003\000.\0001\000\040\000C\000l\000a\000s\000s\000\040\000L\000i\000s\000t}{chapter.3}% 6
\BOOKMARK [0][-]{chapter.4}{\376\377\0004\000\040\000F\000i\000l\000e\000\040\000I\000n\000d\000e\000x}{}% 7
\BOOKMARK [1][-]{section.4.1}{\376\377\0004\000.\0001\000\040\000F\000i\000l\000e\000\040\000L\000i\000s\000t}{chapter.4}% 8
\BOOKMARK [0][-]{chapter.5}{\376\377\0005\000\040\000N\000a\000m\000e\000s\000p\000a\000c\000e\000\040\000D\000o\000c\000u\000m\000e\000n\000t\000a\000t\000i\000o\000n}{}% 9
\BOOKMARK [1][-]{section.5.1}{\376\377\0005\000.\0001\000\040\000C\000o\000m\000m\000a\000n\000d\000s\000\040\000N\000a\000m\000e\000s\000p\000a\000c\000e\000\040\000R\000e\000f\000e\000r\000e\000n\000c\000e}{chapter.5}% 10
\BOOKMARK [1][-]{section.5.2}{\376\377\0005\000.\0002\000\040\000C\000o\000n\000f\000i\000g\000\040\000N\000a\000m\000e\000s\000p\000a\000c\000e\000\040\000R\000e\000f\000e\000r\000e\000n\000c\000e}{chapter.5}% 11
\BOOKMARK [2][-]{subsection.5.2.1}{\376\377\0005\000.\0002\000.\0001\000\040\000V\000a\000r\000i\000a\000b\000l\000e\000\040\000D\000o\000c\000u\000m\000e\000n\000t\000a\000t\000i\000o\000n}{section.5.2}% 12
\BOOKMARK [3][-]{subsubsection.5.2.1.1}{\376\377\0005\000.\0002\000.\0001\000.\0001\000\040\000b\000a\000c\000k\000g\000r\000o\000u\000n\000d\000C\000o\000l\000o\000r}{subsection.5.2.1}% 13
\BOOKMARK [3][-]{subsubsection.5.2.1.2}{\376\377\0005\000.\0002\000.\0001\000.\0002\000\040\000f\000r\000a\000m\000e\000r\000a\000t\000e}{subsection.5.2.1}% 14
\BOOKMARK [3][-]{subsubsection.5.2.1.3}{\376\377\0005\000.\0002\000.\0001\000.\0003\000\040\000g\000a\000m\000e\000T\000i\000t\000l\000e}{subsection.5.2.1}% 15
\BOOKMARK [3][-]{subsubsection.5.2.1.4}{\376\377\0005\000.\0002\000.\0001\000.\0004\000\040\000h\000o\000l\000d\000T\000i\000m\000e\000T\000h\000r\000e\000s\000h\000o\000l\000d}{subsection.5.2.1}% 16
\BOOKMARK [3][-]{subsubsection.5.2.1.5}{\376\377\0005\000.\0002\000.\0001\000.\0005\000\040\000s\000c\000r\000e\000e\000n\000H\000e\000i\000g\000h\000t}{subsection.5.2.1}% 17
\BOOKMARK [3][-]{subsubsection.5.2.1.6}{\376\377\0005\000.\0002\000.\0001\000.\0006\000\040\000s\000c\000r\000e\000e\000n\000T\000y\000p\000e}{subsection.5.2.1}% 18
\BOOKMARK [3][-]{subsubsection.5.2.1.7}{\376\377\0005\000.\0002\000.\0001\000.\0007\000\040\000s\000c\000r\000e\000e\000n\000W\000i\000d\000t\000h}{subsection.5.2.1}% 19
\BOOKMARK [3][-]{subsubsection.5.2.1.8}{\376\377\0005\000.\0002\000.\0001\000.\0008\000\040\000v\000o\000l\000u\000m\000e}{subsection.5.2.1}% 20
\BOOKMARK [1][-]{section.5.3}{\376\377\0005\000.\0003\000\040\000F\000u\000n\000c\000t\000i\000o\000n\000s\000\040\000N\000a\000m\000e\000s\000p\000a\000c\000e\000\040\000R\000e\000f\000e\000r\000e\000n\000c\000e}{chapter.5}% 21
\BOOKMARK [1][-]{section.5.4}{\376\377\0005\000.\0004\000\040\000G\000l\000o\000b\000a\000l\000\040\000N\000a\000m\000e\000s\000p\000a\000c\000e\000\040\000R\000e\000f\000e\000r\000e\000n\000c\000e}{chapter.5}% 22
\BOOKMARK [2][-]{subsection.5.4.1}{\376\377\0005\000.\0004\000.\0001\000\040\000F\000u\000n\000c\000t\000i\000o\000n\000\040\000D\000o\000c\000u\000m\000e\000n\000t\000a\000t\000i\000o\000n}{section.5.4}% 23
\BOOKMARK [3][-]{subsubsection.5.4.1.1}{\376\377\0005\000.\0004\000.\0001\000.\0001\000\040\000i\000n\000i\000t\000\050\000\051}{subsection.5.4.1}% 24
\BOOKMARK [2][-]{subsection.5.4.2}{\376\377\0005\000.\0004\000.\0002\000\040\000V\000a\000r\000i\000a\000b\000l\000e\000\040\000D\000o\000c\000u\000m\000e\000n\000t\000a\000t\000i\000o\000n}{section.5.4}% 25
\BOOKMARK [3][-]{subsubsection.5.4.2.1}{\376\377\0005\000.\0004\000.\0002\000.\0001\000\040\000a\000r\000r\000o\000w\000O\000b\000j\000e\000c\000t\0001}{subsection.5.4.2}% 26
\BOOKMARK [3][-]{subsubsection.5.4.2.2}{\376\377\0005\000.\0004\000.\0002\000.\0002\000\040\000b\000l\000u\000e\000C\000i\000r\000c\000l\000e}{subsection.5.4.2}% 27
\BOOKMARK [3][-]{subsubsection.5.4.2.3}{\376\377\0005\000.\0004\000.\0002\000.\0003\000\040\000c\000r\000o\000s\000s\000h\000a\000i\000r\000C\000i\000r\000c\000l\000e\0001}{subsection.5.4.2}% 28
\BOOKMARK [3][-]{subsubsection.5.4.2.4}{\376\377\0005\000.\0004\000.\0002\000.\0004\000\040\000c\000r\000o\000s\000s\000h\000a\000i\000r\000L\000i\000n\000e\0001}{subsection.5.4.2}% 29
\BOOKMARK [3][-]{subsubsection.5.4.2.5}{\376\377\0005\000.\0004\000.\0002\000.\0005\000\040\000c\000r\000o\000s\000s\000h\000a\000i\000r\000L\000i\000n\000e\0002}{subsection.5.4.2}% 30
\BOOKMARK [3][-]{subsubsection.5.4.2.6}{\376\377\0005\000.\0004\000.\0002\000.\0006\000\040\000f\000p\000s\000M\000a\000n\000a\000g\000e\000r}{subsection.5.4.2}% 31
\BOOKMARK [3][-]{subsubsection.5.4.2.7}{\376\377\0005\000.\0004\000.\0002\000.\0007\000\040\000g\000r\000e\000e\000n\000C\000i\000r\000c\000l\000e}{subsection.5.4.2}% 32
\BOOKMARK [3][-]{subsubsection.5.4.2.8}{\376\377\0005\000.\0004\000.\0002\000.\0008\000\040\000h\000o\000l\000l\000o\000w\000C\000i\000r\000c\000l\000e\0001}{subsection.5.4.2}% 33
\BOOKMARK [3][-]{subsubsection.5.4.2.9}{\376\377\0005\000.\0004\000.\0002\000.\0009\000\040\000h\000u\000d\000A\000r\000r\000o\000w}{subsection.5.4.2}% 34
\BOOKMARK [3][-]{subsubsection.5.4.2.10}{\376\377\0005\000.\0004\000.\0002\000.\0001\0000\000\040\000h\000u\000d\000C\000i\000r\000c\000l\000e}{subsection.5.4.2}% 35
\BOOKMARK [3][-]{subsubsection.5.4.2.11}{\376\377\0005\000.\0004\000.\0002\000.\0001\0001\000\040\000h\000u\000d\000V\000i\000e\000w}{subsection.5.4.2}% 36
\BOOKMARK [3][-]{subsubsection.5.4.2.12}{\376\377\0005\000.\0004\000.\0002\000.\0001\0002\000\040\000l\000i\000n\000e\0001}{subsection.5.4.2}% 37
\BOOKMARK [3][-]{subsubsection.5.4.2.13}{\376\377\0005\000.\0004\000.\0002\000.\0001\0003\000\040\000l\000i\000n\000e\0002}{subsection.5.4.2}% 38
\BOOKMARK [3][-]{subsubsection.5.4.2.14}{\376\377\0005\000.\0004\000.\0002\000.\0001\0004\000\040\000l\000i\000n\000e\0003}{subsection.5.4.2}% 39
\BOOKMARK [3][-]{subsubsection.5.4.2.15}{\376\377\0005\000.\0004\000.\0002\000.\0001\0005\000\040\000l\000i\000n\000e\0004}{subsection.5.4.2}% 40
\BOOKMARK [3][-]{subsubsection.5.4.2.16}{\376\377\0005\000.\0004\000.\0002\000.\0001\0006\000\040\000m\000e\000n\000u\000V\000i\000e\000w}{subsection.5.4.2}% 41
\BOOKMARK [3][-]{subsubsection.5.4.2.17}{\376\377\0005\000.\0004\000.\0002\000.\0001\0007\000\040\000p\000l\000a\000y\000e\000r\000C\000a\000m\000e\000r\000a}{subsection.5.4.2}% 42
\BOOKMARK [3][-]{subsubsection.5.4.2.18}{\376\377\0005\000.\0004\000.\0002\000.\0001\0008\000\040\000p\000l\000a\000y\000e\000r\000O\000b\000j\000e\000c\000t}{subsection.5.4.2}% 43
\BOOKMARK [3][-]{subsubsection.5.4.2.19}{\376\377\0005\000.\0004\000.\0002\000.\0001\0009\000\040\000p\000u\000r\000p\000l\000e\000C\000i\000r\000c\000l\000e}{subsection.5.4.2}% 44
\BOOKMARK [3][-]{subsubsection.5.4.2.20}{\376\377\0005\000.\0004\000.\0002\000.\0002\0000\000\040\000r\000e\000d\000C\000i\000r\000c\000l\000e}{subsection.5.4.2}% 45
\BOOKMARK [3][-]{subsubsection.5.4.2.21}{\376\377\0005\000.\0004\000.\0002\000.\0002\0001\000\040\000y\000e\000l\000l\000o\000w\000C\000i\000r\000c\000l\000e}{subsection.5.4.2}% 46
\BOOKMARK [1][-]{section.5.5}{\376\377\0005\000.\0005\000\040\000I\000t\000e\000m\000s\000\040\000N\000a\000m\000e\000s\000p\000a\000c\000e\000\040\000R\000e\000f\000e\000r\000e\000n\000c\000e}{chapter.5}% 47
\BOOKMARK [1][-]{section.5.6}{\376\377\0005\000.\0006\000\040\000O\000b\000j\000e\000c\000t\000s\000\040\000N\000a\000m\000e\000s\000p\000a\000c\000e\000\040\000R\000e\000f\000e\000r\000e\000n\000c\000e}{chapter.5}% 48
\BOOKMARK [1][-]{section.5.7}{\376\377\0005\000.\0007\000\040\000S\000h\000a\000p\000e\000s\000\040\000N\000a\000m\000e\000s\000p\000a\000c\000e\000\040\000R\000e\000f\000e\000r\000e\000n\000c\000e}{chapter.5}% 49
\BOOKMARK [1][-]{section.5.8}{\376\377\0005\000.\0008\000\040\000V\000i\000e\000w\000s\000\040\000N\000a\000m\000e\000s\000p\000a\000c\000e\000\040\000R\000e\000f\000e\000r\000e\000n\000c\000e}{chapter.5}% 50
\BOOKMARK [2][-]{subsection.5.8.1}{\376\377\0005\000.\0008\000.\0001\000\040\000V\000a\000r\000i\000a\000b\000l\000e\000\040\000D\000o\000c\000u\000m\000e\000n\000t\000a\000t\000i\000o\000n}{section.5.8}% 51
\BOOKMARK [3][-]{subsubsection.5.8.1.1}{\376\377\0005\000.\0008\000.\0001\000.\0001\000\040\000I\000N\000I\000T\000\137\000V\000I\000E\000W\000\137\000H\000E\000I\000G\000H\000T}{subsection.5.8.1}% 52
\BOOKMARK [3][-]{subsubsection.5.8.1.2}{\376\377\0005\000.\0008\000.\0001\000.\0002\000\040\000I\000N\000I\000T\000\137\000V\000I\000E\000W\000\137\000W\000I\000D\000T\000H}{subsection.5.8.1}% 53
\BOOKMARK [0][-]{chapter.6}{\376\377\0006\000\040\000C\000l\000a\000s\000s\000\040\000D\000o\000c\000u\000m\000e\000n\000t\000a\000t\000i\000o\000n}{}% 54
\BOOKMARK [1][-]{section.6.1}{\376\377\0006\000.\0001\000\040\000O\000b\000j\000e\000c\000t\000s\000:\000:\000B\000u\000l\000l\000e\000t\000\040\000C\000l\000a\000s\000s\000\040\000R\000e\000f\000e\000r\000e\000n\000c\000e}{chapter.6}% 55
\BOOKMARK [2][-]{subsection.6.1.1}{\376\377\0006\000.\0001\000.\0001\000\040\000C\000o\000n\000s\000t\000r\000u\000c\000t\000o\000r\000\040\000\046\000\040\000D\000e\000s\000t\000r\000u\000c\000t\000o\000r\000\040\000D\000o\000c\000u\000m\000e\000n\000t\000a\000t\000i\000o\000n}{section.6.1}% 56
\BOOKMARK [3][-]{subsubsection.6.1.1.1}{\376\377\0006\000.\0001\000.\0001\000.\0001\000\040\000B\000u\000l\000l\000e\000t\000\050\000\051}{subsection.6.1.1}% 57
\BOOKMARK [2][-]{subsection.6.1.2}{\376\377\0006\000.\0001\000.\0002\000\040\000M\000e\000m\000b\000e\000r\000\040\000F\000u\000n\000c\000t\000i\000o\000n\000\040\000D\000o\000c\000u\000m\000e\000n\000t\000a\000t\000i\000o\000n}{section.6.1}% 58
\BOOKMARK [3][-]{subsubsection.6.1.2.1}{\376\377\0006\000.\0001\000.\0002\000.\0001\000\040\000g\000e\000t\000A\000l\000i\000v\000e\000T\000i\000m\000e\000\050\000\051}{subsection.6.1.2}% 59
\BOOKMARK [3][-]{subsubsection.6.1.2.2}{\376\377\0006\000.\0001\000.\0002\000.\0002\000\040\000u\000p\000d\000a\000t\000e\000\050\000\051}{subsection.6.1.2}% 60
\BOOKMARK [2][-]{subsection.6.1.3}{\376\377\0006\000.\0001\000.\0003\000\040\000M\000e\000m\000b\000e\000r\000\040\000D\000a\000t\000a\000\040\000D\000o\000c\000u\000m\000e\000n\000t\000a\000t\000i\000o\000n}{section.6.1}% 61
\BOOKMARK [3][-]{subsubsection.6.1.3.1}{\376\377\0006\000.\0001\000.\0003\000.\0001\000\040\000b\000u\000l\000l\000e\000t\000S\000i\000z\000e}{subsection.6.1.3}% 62
\BOOKMARK [1][-]{section.6.2}{\376\377\0006\000.\0002\000\040\000O\000b\000j\000e\000c\000t\000s\000:\000:\000B\000u\000t\000t\000o\000n\000\040\000C\000l\000a\000s\000s\000\040\000R\000e\000f\000e\000r\000e\000n\000c\000e}{chapter.6}% 63
\BOOKMARK [2][-]{subsection.6.2.1}{\376\377\0006\000.\0002\000.\0001\000\040\000C\000o\000n\000s\000t\000r\000u\000c\000t\000o\000r\000\040\000\046\000\040\000D\000e\000s\000t\000r\000u\000c\000t\000o\000r\000\040\000D\000o\000c\000u\000m\000e\000n\000t\000a\000t\000i\000o\000n}{section.6.2}% 64
\BOOKMARK [3][-]{subsubsection.6.2.1.1}{\376\377\0006\000.\0002\000.\0001\000.\0001\000\040\000B\000u\000t\000t\000o\000n\000\050\000\051}{subsection.6.2.1}% 65
\BOOKMARK [2][-]{subsection.6.2.2}{\376\377\0006\000.\0002\000.\0002\000\040\000M\000e\000m\000b\000e\000r\000\040\000F\000u\000n\000c\000t\000i\000o\000n\000\040\000D\000o\000c\000u\000m\000e\000n\000t\000a\000t\000i\000o\000n}{section.6.2}% 66
\BOOKMARK [3][-]{subsubsection.6.2.2.1}{\376\377\0006\000.\0002\000.\0002\000.\0001\000\040\000o\000n\000C\000l\000i\000c\000k\000\050\000\051}{subsection.6.2.2}% 67
\BOOKMARK [3][-]{subsubsection.6.2.2.2}{\376\377\0006\000.\0002\000.\0002\000.\0002\000\040\000s\000e\000t\000H\000o\000v\000e\000r\000e\000d\000\050\000\051}{subsection.6.2.2}% 68
\BOOKMARK [3][-]{subsubsection.6.2.2.3}{\376\377\0006\000.\0002\000.\0002\000.\0003\000\040\000u\000p\000d\000a\000t\000e\000\050\000\051}{subsection.6.2.2}% 69
\BOOKMARK [1][-]{section.6.3}{\376\377\0006\000.\0003\000\040\000V\000i\000e\000w\000s\000:\000:\000C\000a\000m\000e\000r\000a\000\040\000C\000l\000a\000s\000s\000\040\000R\000e\000f\000e\000r\000e\000n\000c\000e}{chapter.6}% 70
\BOOKMARK [2][-]{subsection.6.3.1}{\376\377\0006\000.\0003\000.\0001\000\040\000D\000e\000t\000a\000i\000l\000e\000d\000\040\000D\000e\000s\000c\000r\000i\000p\000t\000i\000o\000n}{section.6.3}% 71
\BOOKMARK [2][-]{subsection.6.3.2}{\376\377\0006\000.\0003\000.\0002\000\040\000C\000o\000n\000s\000t\000r\000u\000c\000t\000o\000r\000\040\000\046\000\040\000D\000e\000s\000t\000r\000u\000c\000t\000o\000r\000\040\000D\000o\000c\000u\000m\000e\000n\000t\000a\000t\000i\000o\000n}{section.6.3}% 72
\BOOKMARK [3][-]{subsubsection.6.3.2.1}{\376\377\0006\000.\0003\000.\0002\000.\0001\000\040\000C\000a\000m\000e\000r\000a\000\050\000\051}{subsection.6.3.2}% 73
\BOOKMARK [2][-]{subsection.6.3.3}{\376\377\0006\000.\0003\000.\0003\000\040\000M\000e\000m\000b\000e\000r\000\040\000F\000u\000n\000c\000t\000i\000o\000n\000\040\000D\000o\000c\000u\000m\000e\000n\000t\000a\000t\000i\000o\000n}{section.6.3}% 74
\BOOKMARK [3][-]{subsubsection.6.3.3.1}{\376\377\0006\000.\0003\000.\0003\000.\0001\000\040\000g\000e\000t\000A\000n\000g\000l\000e\000\050\000\051}{subsection.6.3.3}% 75
\BOOKMARK [3][-]{subsubsection.6.3.3.2}{\376\377\0006\000.\0003\000.\0003\000.\0002\000\040\000g\000e\000t\000R\000e\000c\000t\000\050\000\051}{subsection.6.3.3}% 76
\BOOKMARK [3][-]{subsubsection.6.3.3.3}{\376\377\0006\000.\0003\000.\0003\000.\0003\000\040\000g\000e\000t\000Z\000o\000o\000m\000\050\000\051}{subsection.6.3.3}% 77
\BOOKMARK [3][-]{subsubsection.6.3.3.4}{\376\377\0006\000.\0003\000.\0003\000.\0004\000\040\000r\000o\000t\000a\000t\000e\000\050\000\051}{subsection.6.3.3}% 78
\BOOKMARK [3][-]{subsubsection.6.3.3.5}{\376\377\0006\000.\0003\000.\0003\000.\0005\000\040\000s\000e\000t\000A\000n\000g\000l\000e\000\050\000\051}{subsection.6.3.3}% 79
\BOOKMARK [3][-]{subsubsection.6.3.3.6}{\376\377\0006\000.\0003\000.\0003\000.\0006\000\040\000s\000e\000t\000D\000i\000m\000e\000n\000s\000i\000o\000n\000\050\000\051}{subsection.6.3.3}% 80
\BOOKMARK [3][-]{subsubsection.6.3.3.7}{\376\377\0006\000.\0003\000.\0003\000.\0007\000\040\000s\000e\000t\000P\000i\000v\000o\000t\000O\000b\000j\000e\000c\000t\000\050\000\051}{subsection.6.3.3}% 81
\BOOKMARK [3][-]{subsubsection.6.3.3.8}{\376\377\0006\000.\0003\000.\0003\000.\0008\000\040\000s\000e\000t\000P\000o\000s\000i\000t\000i\000o\000n\000\050\000\051}{subsection.6.3.3}% 82
\BOOKMARK [3][-]{subsubsection.6.3.3.9}{\376\377\0006\000.\0003\000.\0003\000.\0009\000\040\000s\000e\000t\000Z\000o\000o\000m\000\050\000\051}{subsection.6.3.3}% 83
\BOOKMARK [3][-]{subsubsection.6.3.3.10}{\376\377\0006\000.\0003\000.\0003\000.\0001\0000\000\040\000t\000r\000a\000n\000s\000f\000o\000r\000m\000\050\000\051}{subsection.6.3.3}% 84
\BOOKMARK [3][-]{subsubsection.6.3.3.11}{\376\377\0006\000.\0003\000.\0003\000.\0001\0001\000\040\000t\000r\000a\000n\000s\000f\000o\000r\000m\000F\000r\000o\000m\000R\000e\000n\000d\000e\000r\000\050\000\051}{subsection.6.3.3}% 85
\BOOKMARK [1][-]{section.6.4}{\376\377\0006\000.\0004\000\040\000S\000h\000a\000p\000e\000s\000:\000:\000C\000i\000r\000c\000l\000e\000\040\000C\000l\000a\000s\000s\000\040\000R\000e\000f\000e\000r\000e\000n\000c\000e}{chapter.6}% 86
\BOOKMARK [2][-]{subsection.6.4.1}{\376\377\0006\000.\0004\000.\0001\000\040\000C\000o\000n\000s\000t\000r\000u\000c\000t\000o\000r\000\040\000\046\000\040\000D\000e\000s\000t\000r\000u\000c\000t\000o\000r\000\040\000D\000o\000c\000u\000m\000e\000n\000t\000a\000t\000i\000o\000n}{section.6.4}% 87
\BOOKMARK [3][-]{subsubsection.6.4.1.1}{\376\377\0006\000.\0004\000.\0001\000.\0001\000\040\000C\000i\000r\000c\000l\000e\000\050\000\051}{subsection.6.4.1}% 88
\BOOKMARK [2][-]{subsection.6.4.2}{\376\377\0006\000.\0004\000.\0002\000\040\000M\000e\000m\000b\000e\000r\000\040\000F\000u\000n\000c\000t\000i\000o\000n\000\040\000D\000o\000c\000u\000m\000e\000n\000t\000a\000t\000i\000o\000n}{section.6.4}% 89
\BOOKMARK [3][-]{subsubsection.6.4.2.1}{\376\377\0006\000.\0004\000.\0002\000.\0001\000\040\000d\000r\000a\000w\000\050\000\051}{subsection.6.4.2}% 90
\BOOKMARK [3][-]{subsubsection.6.4.2.2}{\376\377\0006\000.\0004\000.\0002\000.\0002\000\040\000s\000e\000t\000C\000e\000n\000t\000e\000r\000\050\000\051}{subsection.6.4.2}% 91
\BOOKMARK [3][-]{subsubsection.6.4.2.3}{\376\377\0006\000.\0004\000.\0002\000.\0003\000\040\000s\000e\000t\000R\000a\000d\000i\000u\000s\000\050\000\051}{subsection.6.4.2}% 92
\BOOKMARK [2][-]{subsection.6.4.3}{\376\377\0006\000.\0004\000.\0003\000\040\000M\000e\000m\000b\000e\000r\000\040\000D\000a\000t\000a\000\040\000D\000o\000c\000u\000m\000e\000n\000t\000a\000t\000i\000o\000n}{section.6.4}% 93
\BOOKMARK [3][-]{subsubsection.6.4.3.1}{\376\377\0006\000.\0004\000.\0003\000.\0001\000\040\000c\000e\000n\000t\000e\000r}{subsection.6.4.3}% 94
\BOOKMARK [3][-]{subsubsection.6.4.3.2}{\376\377\0006\000.\0004\000.\0003\000.\0002\000\040\000r\000a\000d\000i\000u\000s}{subsection.6.4.3}% 95
\BOOKMARK [1][-]{section.6.5}{\376\377\0006\000.\0005\000\040\000C\000o\000m\000m\000a\000n\000d\000s\000:\000:\000C\000o\000m\000m\000a\000n\000d\000\040\000C\000l\000a\000s\000s\000\040\000R\000e\000f\000e\000r\000e\000n\000c\000e}{chapter.6}% 96
\BOOKMARK [2][-]{subsection.6.5.1}{\376\377\0006\000.\0005\000.\0001\000\040\000D\000e\000t\000a\000i\000l\000e\000d\000\040\000D\000e\000s\000c\000r\000i\000p\000t\000i\000o\000n}{section.6.5}% 97
\BOOKMARK [2][-]{subsection.6.5.2}{\376\377\0006\000.\0005\000.\0002\000\040\000C\000o\000n\000s\000t\000r\000u\000c\000t\000o\000r\000\040\000\046\000\040\000D\000e\000s\000t\000r\000u\000c\000t\000o\000r\000\040\000D\000o\000c\000u\000m\000e\000n\000t\000a\000t\000i\000o\000n}{section.6.5}% 98
\BOOKMARK [3][-]{subsubsection.6.5.2.1}{\376\377\0006\000.\0005\000.\0002\000.\0001\000\040\000~\000C\000o\000m\000m\000a\000n\000d\000\050\000\051}{subsection.6.5.2}% 99
\BOOKMARK [2][-]{subsection.6.5.3}{\376\377\0006\000.\0005\000.\0003\000\040\000M\000e\000m\000b\000e\000r\000\040\000F\000u\000n\000c\000t\000i\000o\000n\000\040\000D\000o\000c\000u\000m\000e\000n\000t\000a\000t\000i\000o\000n}{section.6.5}% 100
\BOOKMARK [3][-]{subsubsection.6.5.3.1}{\376\377\0006\000.\0005\000.\0003\000.\0001\000\040\000e\000x\000e\000c\000u\000t\000e\000\050\000\051}{subsection.6.5.3}% 101
\BOOKMARK [1][-]{section.6.6}{\376\377\0006\000.\0006\000\040\000C\000o\000m\000m\000a\000n\000d\000M\000a\000n\000a\000g\000e\000r\000\040\000C\000l\000a\000s\000s\000\040\000R\000e\000f\000e\000r\000e\000n\000c\000e}{chapter.6}% 102
\BOOKMARK [2][-]{subsection.6.6.1}{\376\377\0006\000.\0006\000.\0001\000\040\000D\000e\000t\000a\000i\000l\000e\000d\000\040\000D\000e\000s\000c\000r\000i\000p\000t\000i\000o\000n}{section.6.6}% 103
\BOOKMARK [2][-]{subsection.6.6.2}{\376\377\0006\000.\0006\000.\0002\000\040\000M\000e\000m\000b\000e\000r\000\040\000F\000u\000n\000c\000t\000i\000o\000n\000\040\000D\000o\000c\000u\000m\000e\000n\000t\000a\000t\000i\000o\000n}{section.6.6}% 104
\BOOKMARK [3][-]{subsubsection.6.6.2.1}{\376\377\0006\000.\0006\000.\0002\000.\0001\000\040\000r\000e\000g\000i\000s\000t\000e\000r\000C\000o\000m\000m\000a\000n\000d\000\050\000\051}{subsection.6.6.2}% 105
\BOOKMARK [3][-]{subsubsection.6.6.2.2}{\376\377\0006\000.\0006\000.\0002\000.\0002\000\040\000u\000p\000d\000a\000t\000e\000\050\000\051}{subsection.6.6.2}% 106
\BOOKMARK [1][-]{section.6.7}{\376\377\0006\000.\0007\000\040\000C\000o\000m\000m\000a\000n\000d\000s\000:\000:\000C\000o\000m\000m\000a\000n\000d\000:\000:\000E\000x\000e\000c\000u\000t\000e\000K\000e\000y\000\040\000C\000l\000a\000s\000s\000\040\000R\000e\000f\000e\000r\000e\000n\000c\000e}{chapter.6}% 107
\BOOKMARK [2][-]{subsection.6.7.1}{\376\377\0006\000.\0007\000.\0001\000\040\000F\000r\000i\000e\000n\000d\000s\000\040\000A\000n\000d\000\040\000R\000e\000l\000a\000t\000e\000d\000\040\000S\000y\000m\000b\000o\000l\000\040\000D\000o\000c\000u\000m\000e\000n\000t\000a\000t\000i\000o\000n}{section.6.7}% 108
\BOOKMARK [3][-]{subsubsection.6.7.1.1}{\376\377\0006\000.\0007\000.\0001\000.\0001\000\040\000C\000o\000m\000m\000a\000n\000d\000M\000a\000n\000a\000g\000e\000r}{subsection.6.7.1}% 109
\BOOKMARK [1][-]{section.6.8}{\376\377\0006\000.\0008\000\040\000G\000a\000m\000e\000M\000a\000n\000a\000g\000e\000r\000\040\000C\000l\000a\000s\000s\000\040\000R\000e\000f\000e\000r\000e\000n\000c\000e}{chapter.6}% 110
\BOOKMARK [1][-]{section.6.9}{\376\377\0006\000.\0009\000\040\000S\000h\000a\000p\000e\000s\000:\000:\000H\000o\000l\000l\000o\000w\000C\000i\000r\000c\000l\000e\000\040\000C\000l\000a\000s\000s\000\040\000R\000e\000f\000e\000r\000e\000n\000c\000e}{chapter.6}% 111
\BOOKMARK [2][-]{subsection.6.9.1}{\376\377\0006\000.\0009\000.\0001\000\040\000C\000o\000n\000s\000t\000r\000u\000c\000t\000o\000r\000\040\000\046\000\040\000D\000e\000s\000t\000r\000u\000c\000t\000o\000r\000\040\000D\000o\000c\000u\000m\000e\000n\000t\000a\000t\000i\000o\000n}{section.6.9}% 112
\BOOKMARK [3][-]{subsubsection.6.9.1.1}{\376\377\0006\000.\0009\000.\0001\000.\0001\000\040\000H\000o\000l\000l\000o\000w\000C\000i\000r\000c\000l\000e\000\050\000\051}{subsection.6.9.1}% 113
\BOOKMARK [2][-]{subsection.6.9.2}{\376\377\0006\000.\0009\000.\0002\000\040\000M\000e\000m\000b\000e\000r\000\040\000F\000u\000n\000c\000t\000i\000o\000n\000\040\000D\000o\000c\000u\000m\000e\000n\000t\000a\000t\000i\000o\000n}{section.6.9}% 114
\BOOKMARK [3][-]{subsubsection.6.9.2.1}{\376\377\0006\000.\0009\000.\0002\000.\0001\000\040\000d\000r\000a\000w\000\050\000\051}{subsection.6.9.2}% 115
\BOOKMARK [3][-]{subsubsection.6.9.2.2}{\376\377\0006\000.\0009\000.\0002\000.\0002\000\040\000s\000e\000t\000T\000h\000i\000c\000k\000n\000e\000s\000s\000\050\000\051}{subsection.6.9.2}% 116
\BOOKMARK [2][-]{subsection.6.9.3}{\376\377\0006\000.\0009\000.\0003\000\040\000M\000e\000m\000b\000e\000r\000\040\000D\000a\000t\000a\000\040\000D\000o\000c\000u\000m\000e\000n\000t\000a\000t\000i\000o\000n}{section.6.9}% 117
\BOOKMARK [3][-]{subsubsection.6.9.3.1}{\376\377\0006\000.\0009\000.\0003\000.\0001\000\040\000t\000h\000i\000c\000k\000n\000e\000s\000s}{subsection.6.9.3}% 118
\BOOKMARK [1][-]{section.6.10}{\376\377\0006\000.\0001\0000\000\040\000V\000i\000e\000w\000s\000:\000:\000H\000U\000D\000\040\000C\000l\000a\000s\000s\000\040\000R\000e\000f\000e\000r\000e\000n\000c\000e}{chapter.6}% 119
\BOOKMARK [2][-]{subsection.6.10.1}{\376\377\0006\000.\0001\0000\000.\0001\000\040\000C\000o\000n\000s\000t\000r\000u\000c\000t\000o\000r\000\040\000\046\000\040\000D\000e\000s\000t\000r\000u\000c\000t\000o\000r\000\040\000D\000o\000c\000u\000m\000e\000n\000t\000a\000t\000i\000o\000n}{section.6.10}% 120
\BOOKMARK [3][-]{subsubsection.6.10.1.1}{\376\377\0006\000.\0001\0000\000.\0001\000.\0001\000\040\000H\000U\000D\000\050\000\051}{subsection.6.10.1}% 121
\BOOKMARK [2][-]{subsection.6.10.2}{\376\377\0006\000.\0001\0000\000.\0002\000\040\000M\000e\000m\000b\000e\000r\000\040\000F\000u\000n\000c\000t\000i\000o\000n\000\040\000D\000o\000c\000u\000m\000e\000n\000t\000a\000t\000i\000o\000n}{section.6.10}% 122
\BOOKMARK [3][-]{subsubsection.6.10.2.1}{\376\377\0006\000.\0001\0000\000.\0002\000.\0001\000\040\000g\000e\000t\000R\000e\000c\000t\000\050\000\051}{subsection.6.10.2}% 123
\BOOKMARK [3][-]{subsubsection.6.10.2.2}{\376\377\0006\000.\0001\0000\000.\0002\000.\0002\000\040\000t\000r\000a\000n\000s\000f\000o\000r\000m\000\050\000\051}{subsection.6.10.2}% 124
\BOOKMARK [3][-]{subsubsection.6.10.2.3}{\376\377\0006\000.\0001\0000\000.\0002\000.\0003\000\040\000t\000r\000a\000n\000s\000f\000o\000r\000m\000F\000r\000o\000m\000R\000e\000n\000d\000e\000r\000\050\000\051}{subsection.6.10.2}% 125
\BOOKMARK [1][-]{section.6.11}{\376\377\0006\000.\0001\0001\000\040\000I\000n\000p\000u\000t\000H\000a\000n\000d\000l\000e\000r\000\040\000C\000l\000a\000s\000s\000\040\000R\000e\000f\000e\000r\000e\000n\000c\000e}{chapter.6}% 126
\BOOKMARK [2][-]{subsection.6.11.1}{\376\377\0006\000.\0001\0001\000.\0001\000\040\000D\000e\000t\000a\000i\000l\000e\000d\000\040\000D\000e\000s\000c\000r\000i\000p\000t\000i\000o\000n}{section.6.11}% 127
\BOOKMARK [2][-]{subsection.6.11.2}{\376\377\0006\000.\0001\0001\000.\0002\000\040\000C\000o\000n\000s\000t\000r\000u\000c\000t\000o\000r\000\040\000\046\000\040\000D\000e\000s\000t\000r\000u\000c\000t\000o\000r\000\040\000D\000o\000c\000u\000m\000e\000n\000t\000a\000t\000i\000o\000n}{section.6.11}% 128
\BOOKMARK [3][-]{subsubsection.6.11.2.1}{\376\377\0006\000.\0001\0001\000.\0002\000.\0001\000\040\000I\000n\000p\000u\000t\000H\000a\000n\000d\000l\000e\000r\000\050\000\051}{subsection.6.11.2}% 129
\BOOKMARK [2][-]{subsection.6.11.3}{\376\377\0006\000.\0001\0001\000.\0003\000\040\000M\000e\000m\000b\000e\000r\000\040\000F\000u\000n\000c\000t\000i\000o\000n\000\040\000D\000o\000c\000u\000m\000e\000n\000t\000a\000t\000i\000o\000n}{section.6.11}% 130
\BOOKMARK [3][-]{subsubsection.6.11.3.1}{\376\377\0006\000.\0001\0001\000.\0003\000.\0001\000\040\000g\000e\000t\000I\000n\000s\000t\000a\000n\000c\000e\000\050\000\051}{subsection.6.11.3}% 131
\BOOKMARK [3][-]{subsubsection.6.11.3.2}{\376\377\0006\000.\0001\0001\000.\0003\000.\0002\000\040\000g\000e\000t\000M\000o\000u\000s\000e\000P\000o\000s\000i\000t\000i\000o\000n\000\050\000\051}{subsection.6.11.3}% 132
\BOOKMARK [3][-]{subsubsection.6.11.3.3}{\376\377\0006\000.\0001\0001\000.\0003\000.\0003\000\040\000h\000o\000l\000d\000T\000i\000m\000e\000\050\000\051\000\040\000[\0001\000/\0002\000]}{subsection.6.11.3}% 133
\BOOKMARK [3][-]{subsubsection.6.11.3.4}{\376\377\0006\000.\0001\0001\000.\0003\000.\0004\000\040\000h\000o\000l\000d\000T\000i\000m\000e\000\050\000\051\000\040\000[\0002\000/\0002\000]}{subsection.6.11.3}% 134
\BOOKMARK [3][-]{subsubsection.6.11.3.5}{\376\377\0006\000.\0001\0001\000.\0003\000.\0005\000\040\000i\000s\000B\000u\000t\000t\000o\000n\000D\000o\000w\000n\000\050\000\051}{subsection.6.11.3}% 135
\BOOKMARK [3][-]{subsubsection.6.11.3.6}{\376\377\0006\000.\0001\0001\000.\0003\000.\0006\000\040\000i\000s\000B\000u\000t\000t\000o\000n\000U\000p\000\050\000\051}{subsection.6.11.3}% 136
\BOOKMARK [3][-]{subsubsection.6.11.3.7}{\376\377\0006\000.\0001\0001\000.\0003\000.\0007\000\040\000i\000s\000K\000e\000y\000D\000o\000w\000n\000\050\000\051}{subsection.6.11.3}% 137
\BOOKMARK [3][-]{subsubsection.6.11.3.8}{\376\377\0006\000.\0001\0001\000.\0003\000.\0008\000\040\000i\000s\000K\000e\000y\000U\000p\000\050\000\051}{subsection.6.11.3}% 138
\BOOKMARK [3][-]{subsubsection.6.11.3.9}{\376\377\0006\000.\0001\0001\000.\0003\000.\0009\000\040\000o\000p\000e\000r\000a\000t\000o\000r\000=\000\050\000\051}{subsection.6.11.3}% 139
\BOOKMARK [3][-]{subsubsection.6.11.3.10}{\376\377\0006\000.\0001\0001\000.\0003\000.\0001\0000\000\040\000p\000o\000l\000l\000B\000u\000t\000t\000o\000n\000P\000r\000e\000s\000s\000\050\000\051}{subsection.6.11.3}% 140
\BOOKMARK [3][-]{subsubsection.6.11.3.11}{\376\377\0006\000.\0001\0001\000.\0003\000.\0001\0001\000\040\000p\000o\000l\000l\000B\000u\000t\000t\000o\000n\000R\000e\000l\000e\000a\000s\000e\000\050\000\051}{subsection.6.11.3}% 141
\BOOKMARK [3][-]{subsubsection.6.11.3.12}{\376\377\0006\000.\0001\0001\000.\0003\000.\0001\0002\000\040\000p\000o\000l\000l\000K\000e\000y\000P\000r\000e\000s\000s\000\050\000\051}{subsection.6.11.3}% 142
\BOOKMARK [3][-]{subsubsection.6.11.3.13}{\376\377\0006\000.\0001\0001\000.\0003\000.\0001\0003\000\040\000p\000o\000l\000l\000K\000e\000y\000R\000e\000l\000e\000a\000s\000e\000\050\000\051}{subsection.6.11.3}% 143
\BOOKMARK [3][-]{subsubsection.6.11.3.14}{\376\377\0006\000.\0001\0001\000.\0003\000.\0001\0004\000\040\000p\000o\000l\000l\000M\000o\000u\000s\000e\000S\000c\000r\000o\000l\000l\000\050\000\051}{subsection.6.11.3}% 144
\BOOKMARK [3][-]{subsubsection.6.11.3.15}{\376\377\0006\000.\0001\0001\000.\0003\000.\0001\0005\000\040\000r\000e\000c\000e\000i\000v\000e\000E\000v\000e\000n\000t\000\050\000\051\000\040\000[\0001\000/\0003\000]}{subsection.6.11.3}% 145
\BOOKMARK [3][-]{subsubsection.6.11.3.16}{\376\377\0006\000.\0001\0001\000.\0003\000.\0001\0006\000\040\000r\000e\000c\000e\000i\000v\000e\000E\000v\000e\000n\000t\000\050\000\051\000\040\000[\0002\000/\0003\000]}{subsection.6.11.3}% 146
\BOOKMARK [3][-]{subsubsection.6.11.3.17}{\376\377\0006\000.\0001\0001\000.\0003\000.\0001\0007\000\040\000r\000e\000c\000e\000i\000v\000e\000E\000v\000e\000n\000t\000\050\000\051\000\040\000[\0003\000/\0003\000]}{subsection.6.11.3}% 147
\BOOKMARK [1][-]{section.6.12}{\376\377\0006\000.\0001\0002\000\040\000I\000t\000e\000m\000s\000:\000:\000I\000t\000e\000m\000\040\000C\000l\000a\000s\000s\000\040\000R\000e\000f\000e\000r\000e\000n\000c\000e}{chapter.6}% 148
\BOOKMARK [2][-]{subsection.6.12.1}{\376\377\0006\000.\0001\0002\000.\0001\000\040\000C\000o\000n\000s\000t\000r\000u\000c\000t\000o\000r\000\040\000\046\000\040\000D\000e\000s\000t\000r\000u\000c\000t\000o\000r\000\040\000D\000o\000c\000u\000m\000e\000n\000t\000a\000t\000i\000o\000n}{section.6.12}% 149
\BOOKMARK [3][-]{subsubsection.6.12.1.1}{\376\377\0006\000.\0001\0002\000.\0001\000.\0001\000\040\000I\000t\000e\000m\000\050\000\051}{subsection.6.12.1}% 150
\BOOKMARK [1][-]{section.6.13}{\376\377\0006\000.\0001\0003\000\040\000K\000e\000y\000B\000i\000n\000d\000\040\000S\000t\000r\000u\000c\000t\000\040\000R\000e\000f\000e\000r\000e\000n\000c\000e}{chapter.6}% 151
\BOOKMARK [2][-]{subsection.6.13.1}{\376\377\0006\000.\0001\0003\000.\0001\000\040\000D\000e\000t\000a\000i\000l\000e\000d\000\040\000D\000e\000s\000c\000r\000i\000p\000t\000i\000o\000n}{section.6.13}% 152
\BOOKMARK [2][-]{subsection.6.13.2}{\376\377\0006\000.\0001\0003\000.\0002\000\040\000M\000e\000m\000b\000e\000r\000\040\000E\000n\000u\000m\000e\000r\000a\000t\000i\000o\000n\000\040\000D\000o\000c\000u\000m\000e\000n\000t\000a\000t\000i\000o\000n}{section.6.13}% 153
\BOOKMARK [3][-]{subsubsection.6.13.2.1}{\376\377\0006\000.\0001\0003\000.\0002\000.\0001\000\040\000T\000r\000i\000g\000g\000e\000r}{subsection.6.13.2}% 154
\BOOKMARK [2][-]{subsection.6.13.3}{\376\377\0006\000.\0001\0003\000.\0003\000\040\000C\000o\000n\000s\000t\000r\000u\000c\000t\000o\000r\000\040\000\046\000\040\000D\000e\000s\000t\000r\000u\000c\000t\000o\000r\000\040\000D\000o\000c\000u\000m\000e\000n\000t\000a\000t\000i\000o\000n}{section.6.13}% 155
\BOOKMARK [3][-]{subsubsection.6.13.3.1}{\376\377\0006\000.\0001\0003\000.\0003\000.\0001\000\040\000K\000e\000y\000B\000i\000n\000d\000\050\000\051}{subsection.6.13.3}% 156
\BOOKMARK [2][-]{subsection.6.13.4}{\376\377\0006\000.\0001\0003\000.\0004\000\040\000F\000r\000i\000e\000n\000d\000s\000\040\000A\000n\000d\000\040\000R\000e\000l\000a\000t\000e\000d\000\040\000S\000y\000m\000b\000o\000l\000\040\000D\000o\000c\000u\000m\000e\000n\000t\000a\000t\000i\000o\000n}{section.6.13}% 157
\BOOKMARK [3][-]{subsubsection.6.13.4.1}{\376\377\0006\000.\0001\0003\000.\0004\000.\0001\000\040\000o\000p\000e\000r\000a\000t\000o\000r\000<}{subsection.6.13.4}% 158
\BOOKMARK [2][-]{subsection.6.13.5}{\376\377\0006\000.\0001\0003\000.\0005\000\040\000M\000e\000m\000b\000e\000r\000\040\000D\000a\000t\000a\000\040\000D\000o\000c\000u\000m\000e\000n\000t\000a\000t\000i\000o\000n}{section.6.13}% 159
\BOOKMARK [3][-]{subsubsection.6.13.5.1}{\376\377\0006\000.\0001\0003\000.\0005\000.\0001\000\040\000b\000u\000t\000t\000o\000n\000s}{subsection.6.13.5}% 160
\BOOKMARK [3][-]{subsubsection.6.13.5.2}{\376\377\0006\000.\0001\0003\000.\0005\000.\0002\000\040\000I\000D}{subsection.6.13.5}% 161
\BOOKMARK [3][-]{subsubsection.6.13.5.3}{\376\377\0006\000.\0001\0003\000.\0005\000.\0003\000\040\000K\000e\000y\000B\000i\000n\000d\000C\000o\000u\000n\000t}{subsection.6.13.5}% 162
\BOOKMARK [3][-]{subsubsection.6.13.5.4}{\376\377\0006\000.\0001\0003\000.\0005\000.\0004\000\040\000k\000e\000y\000s}{subsection.6.13.5}% 163
\BOOKMARK [1][-]{section.6.14}{\376\377\0006\000.\0001\0004\000\040\000S\000h\000a\000p\000e\000s\000:\000:\000L\000i\000n\000e\000\040\000C\000l\000a\000s\000s\000\040\000R\000e\000f\000e\000r\000e\000n\000c\000e}{chapter.6}% 164
\BOOKMARK [2][-]{subsection.6.14.1}{\376\377\0006\000.\0001\0004\000.\0001\000\040\000C\000o\000n\000s\000t\000r\000u\000c\000t\000o\000r\000\040\000\046\000\040\000D\000e\000s\000t\000r\000u\000c\000t\000o\000r\000\040\000D\000o\000c\000u\000m\000e\000n\000t\000a\000t\000i\000o\000n}{section.6.14}% 165
\BOOKMARK [3][-]{subsubsection.6.14.1.1}{\376\377\0006\000.\0001\0004\000.\0001\000.\0001\000\040\000L\000i\000n\000e\000\050\000\051}{subsection.6.14.1}% 166
\BOOKMARK [2][-]{subsection.6.14.2}{\376\377\0006\000.\0001\0004\000.\0002\000\040\000M\000e\000m\000b\000e\000r\000\040\000F\000u\000n\000c\000t\000i\000o\000n\000\040\000D\000o\000c\000u\000m\000e\000n\000t\000a\000t\000i\000o\000n}{section.6.14}% 167
\BOOKMARK [3][-]{subsubsection.6.14.2.1}{\376\377\0006\000.\0001\0004\000.\0002\000.\0001\000\040\000d\000r\000a\000w\000\050\000\051}{subsection.6.14.2}% 168
\BOOKMARK [3][-]{subsubsection.6.14.2.2}{\376\377\0006\000.\0001\0004\000.\0002\000.\0002\000\040\000s\000e\000t\000B\000e\000g\000i\000n\000P\000o\000i\000n\000t\000\050\000\051}{subsection.6.14.2}% 169
\BOOKMARK [3][-]{subsubsection.6.14.2.3}{\376\377\0006\000.\0001\0004\000.\0002\000.\0003\000\040\000s\000e\000t\000E\000n\000d\000P\000o\000i\000n\000t\000\050\000\051}{subsection.6.14.2}% 170
\BOOKMARK [3][-]{subsubsection.6.14.2.4}{\376\377\0006\000.\0001\0004\000.\0002\000.\0004\000\040\000s\000e\000t\000T\000h\000i\000c\000k\000n\000e\000s\000s\000\050\000\051}{subsection.6.14.2}% 171
\BOOKMARK [2][-]{subsection.6.14.3}{\376\377\0006\000.\0001\0004\000.\0003\000\040\000M\000e\000m\000b\000e\000r\000\040\000D\000a\000t\000a\000\040\000D\000o\000c\000u\000m\000e\000n\000t\000a\000t\000i\000o\000n}{section.6.14}% 172
\BOOKMARK [3][-]{subsubsection.6.14.3.1}{\376\377\0006\000.\0001\0004\000.\0003\000.\0001\000\040\000b\000e\000g\000i\000n\000P\000o\000i\000n\000t}{subsection.6.14.3}% 173
\BOOKMARK [3][-]{subsubsection.6.14.3.2}{\376\377\0006\000.\0001\0004\000.\0003\000.\0002\000\040\000e\000n\000d\000P\000o\000i\000n\000t}{subsection.6.14.3}% 174
\BOOKMARK [3][-]{subsubsection.6.14.3.3}{\376\377\0006\000.\0001\0004\000.\0003\000.\0003\000\040\000t\000h\000i\000c\000k\000n\000e\000s\000s}{subsection.6.14.3}% 175
\BOOKMARK [1][-]{section.6.15}{\376\377\0006\000.\0001\0005\000\040\000O\000b\000j\000e\000c\000t\000s\000:\000:\000O\000b\000j\000e\000c\000t\000\040\000C\000l\000a\000s\000s\000\040\000R\000e\000f\000e\000r\000e\000n\000c\000e}{chapter.6}% 176
\BOOKMARK [2][-]{subsection.6.15.1}{\376\377\0006\000.\0001\0005\000.\0001\000\040\000D\000e\000t\000a\000i\000l\000e\000d\000\040\000D\000e\000s\000c\000r\000i\000p\000t\000i\000o\000n}{section.6.15}% 177
\BOOKMARK [2][-]{subsection.6.15.2}{\376\377\0006\000.\0001\0005\000.\0002\000\040\000C\000o\000n\000s\000t\000r\000u\000c\000t\000o\000r\000\040\000\046\000\040\000D\000e\000s\000t\000r\000u\000c\000t\000o\000r\000\040\000D\000o\000c\000u\000m\000e\000n\000t\000a\000t\000i\000o\000n}{section.6.15}% 178
\BOOKMARK [3][-]{subsubsection.6.15.2.1}{\376\377\0006\000.\0001\0005\000.\0002\000.\0001\000\040\000O\000b\000j\000e\000c\000t\000\050\000\051}{subsection.6.15.2}% 179
\BOOKMARK [3][-]{subsubsection.6.15.2.2}{\376\377\0006\000.\0001\0005\000.\0002\000.\0002\000\040\000~\000O\000b\000j\000e\000c\000t\000\050\000\051}{subsection.6.15.2}% 180
\BOOKMARK [2][-]{subsection.6.15.3}{\376\377\0006\000.\0001\0005\000.\0003\000\040\000M\000e\000m\000b\000e\000r\000\040\000F\000u\000n\000c\000t\000i\000o\000n\000\040\000D\000o\000c\000u\000m\000e\000n\000t\000a\000t\000i\000o\000n}{section.6.15}% 181
\BOOKMARK [3][-]{subsubsection.6.15.3.1}{\376\377\0006\000.\0001\0005\000.\0003\000.\0001\000\040\000c\000o\000l\000l\000i\000d\000e\000W\000i\000t\000h\000\050\000\051}{subsection.6.15.3}% 182
\BOOKMARK [3][-]{subsubsection.6.15.3.2}{\376\377\0006\000.\0001\0005\000.\0003\000.\0002\000\040\000d\000e\000b\000u\000g\000\050\000\051}{subsection.6.15.3}% 183
\BOOKMARK [3][-]{subsubsection.6.15.3.3}{\376\377\0006\000.\0001\0005\000.\0003\000.\0003\000\040\000f\000l\000i\000p\000H\000o\000r\000i\000z\000o\000n\000t\000a\000l\000\050\000\051}{subsection.6.15.3}% 184
\BOOKMARK [3][-]{subsubsection.6.15.3.4}{\376\377\0006\000.\0001\0005\000.\0003\000.\0004\000\040\000f\000l\000i\000p\000V\000e\000r\000t\000i\000c\000a\000l\000\050\000\051}{subsection.6.15.3}% 185
\BOOKMARK [3][-]{subsubsection.6.15.3.5}{\376\377\0006\000.\0001\0005\000.\0003\000.\0005\000\040\000g\000e\000t\000A\000n\000g\000l\000e\000\050\000\051}{subsection.6.15.3}% 186
\BOOKMARK [3][-]{subsubsection.6.15.3.6}{\376\377\0006\000.\0001\0005\000.\0003\000.\0006\000\040\000g\000e\000t\000D\000i\000m\000e\000n\000s\000i\000o\000n\000\050\000\051}{subsection.6.15.3}% 187
\BOOKMARK [3][-]{subsubsection.6.15.3.7}{\376\377\0006\000.\0001\0005\000.\0003\000.\0007\000\040\000g\000e\000t\000F\000l\000i\000p\000F\000l\000a\000g\000\050\000\051}{subsection.6.15.3}% 188
\BOOKMARK [3][-]{subsubsection.6.15.3.8}{\376\377\0006\000.\0001\0005\000.\0003\000.\0008\000\040\000g\000e\000t\000P\000o\000s\000i\000t\000i\000o\000n\000\050\000\051}{subsection.6.15.3}% 189
\BOOKMARK [3][-]{subsubsection.6.15.3.9}{\376\377\0006\000.\0001\0005\000.\0003\000.\0009\000\040\000g\000e\000t\000R\000e\000n\000d\000e\000r\000A\000n\000g\000l\000e\000\050\000\051}{subsection.6.15.3}% 190
\BOOKMARK [3][-]{subsubsection.6.15.3.10}{\376\377\0006\000.\0001\0005\000.\0003\000.\0001\0000\000\040\000g\000e\000t\000R\000e\000n\000d\000e\000r\000R\000e\000c\000t\000\050\000\051}{subsection.6.15.3}% 191
\BOOKMARK [3][-]{subsubsection.6.15.3.11}{\376\377\0006\000.\0001\0005\000.\0003\000.\0001\0001\000\040\000g\000e\000t\000T\000e\000x\000t\000u\000r\000e\000\050\000\051}{subsection.6.15.3}% 192
\BOOKMARK [3][-]{subsubsection.6.15.3.12}{\376\377\0006\000.\0001\0005\000.\0003\000.\0001\0002\000\040\000g\000e\000t\000T\000e\000x\000t\000u\000r\000e\000C\000o\000u\000n\000t\000\050\000\051}{subsection.6.15.3}% 193
\BOOKMARK [3][-]{subsubsection.6.15.3.13}{\376\377\0006\000.\0001\0005\000.\0003\000.\0001\0003\000\040\000g\000e\000t\000V\000i\000s\000i\000b\000i\000l\000i\000t\000y\000\050\000\051}{subsection.6.15.3}% 194
\BOOKMARK [3][-]{subsubsection.6.15.3.14}{\376\377\0006\000.\0001\0005\000.\0003\000.\0001\0004\000\040\000l\000o\000o\000k\000A\000t\000\050\000\051}{subsection.6.15.3}% 195
\BOOKMARK [3][-]{subsubsection.6.15.3.15}{\376\377\0006\000.\0001\0005\000.\0003\000.\0001\0005\000\040\000m\000o\000v\000e\000\050\000\051}{subsection.6.15.3}% 196
\BOOKMARK [3][-]{subsubsection.6.15.3.16}{\376\377\0006\000.\0001\0005\000.\0003\000.\0001\0006\000\040\000n\000e\000x\000t\000T\000e\000x\000t\000u\000r\000e\000\050\000\051}{subsection.6.15.3}% 197
\BOOKMARK [3][-]{subsubsection.6.15.3.17}{\376\377\0006\000.\0001\0005\000.\0003\000.\0001\0007\000\040\000p\000r\000e\000v\000i\000o\000u\000s\000T\000e\000x\000t\000u\000r\000e\000\050\000\051}{subsection.6.15.3}% 198
\BOOKMARK [3][-]{subsubsection.6.15.3.18}{\376\377\0006\000.\0001\0005\000.\0003\000.\0001\0008\000\040\000r\000o\000t\000a\000t\000e\000\050\000\051}{subsection.6.15.3}% 199
\BOOKMARK [3][-]{subsubsection.6.15.3.19}{\376\377\0006\000.\0001\0005\000.\0003\000.\0001\0009\000\040\000s\000e\000t\000A\000n\000g\000l\000e\000\050\000\051}{subsection.6.15.3}% 200
\BOOKMARK [3][-]{subsubsection.6.15.3.20}{\376\377\0006\000.\0001\0005\000.\0003\000.\0002\0000\000\040\000s\000e\000t\000T\000e\000x\000t\000u\000r\000e\000\050\000\051}{subsection.6.15.3}% 201
\BOOKMARK [3][-]{subsubsection.6.15.3.21}{\376\377\0006\000.\0001\0005\000.\0003\000.\0002\0001\000\040\000s\000e\000t\000V\000i\000s\000i\000b\000i\000l\000i\000t\000y\000\050\000\051}{subsection.6.15.3}% 202
\BOOKMARK [3][-]{subsubsection.6.15.3.22}{\376\377\0006\000.\0001\0005\000.\0003\000.\0002\0002\000\040\000s\000t\000r\000e\000t\000c\000h\000\050\000\051}{subsection.6.15.3}% 203
\BOOKMARK [3][-]{subsubsection.6.15.3.23}{\376\377\0006\000.\0001\0005\000.\0003\000.\0002\0003\000\040\000s\000t\000r\000e\000t\000c\000h\000X\000\050\000\051}{subsection.6.15.3}% 204
\BOOKMARK [3][-]{subsubsection.6.15.3.24}{\376\377\0006\000.\0001\0005\000.\0003\000.\0002\0004\000\040\000s\000t\000r\000e\000t\000c\000h\000Y\000\050\000\051}{subsection.6.15.3}% 205
\BOOKMARK [3][-]{subsubsection.6.15.3.25}{\376\377\0006\000.\0001\0005\000.\0003\000.\0002\0005\000\040\000u\000p\000d\000a\000t\000e\000\050\000\051}{subsection.6.15.3}% 206
\BOOKMARK [2][-]{subsection.6.15.4}{\376\377\0006\000.\0001\0005\000.\0004\000\040\000F\000r\000i\000e\000n\000d\000s\000\040\000A\000n\000d\000\040\000R\000e\000l\000a\000t\000e\000d\000\040\000S\000y\000m\000b\000o\000l\000\040\000D\000o\000c\000u\000m\000e\000n\000t\000a\000t\000i\000o\000n}{section.6.15}% 207
\BOOKMARK [3][-]{subsubsection.6.15.4.1}{\376\377\0006\000.\0001\0005\000.\0004\000.\0001\000\040\000T\000e\000x\000t\000u\000r\000e\000H\000a\000n\000d\000l\000e\000r}{subsection.6.15.4}% 208
\BOOKMARK [1][-]{section.6.16}{\376\377\0006\000.\0001\0006\000\040\000O\000b\000j\000e\000c\000t\000s\000:\000:\000P\000l\000a\000y\000e\000r\000\040\000C\000l\000a\000s\000s\000\040\000R\000e\000f\000e\000r\000e\000n\000c\000e}{chapter.6}% 209
\BOOKMARK [1][-]{section.6.17}{\376\377\0006\000.\0001\0007\000\040\000S\000h\000a\000p\000e\000s\000:\000:\000R\000e\000c\000t\000\040\000C\000l\000a\000s\000s\000\040\000R\000e\000f\000e\000r\000e\000n\000c\000e}{chapter.6}% 210
\BOOKMARK [2][-]{subsection.6.17.1}{\376\377\0006\000.\0001\0007\000.\0001\000\040\000M\000e\000m\000b\000e\000r\000\040\000D\000a\000t\000a\000\040\000D\000o\000c\000u\000m\000e\000n\000t\000a\000t\000i\000o\000n}{section.6.17}% 211
\BOOKMARK [3][-]{subsubsection.6.17.1.1}{\376\377\0006\000.\0001\0007\000.\0001\000.\0001\000\040\000d\000i\000m\000e\000n\000s\000i\000o\000n}{subsection.6.17.1}% 212
\BOOKMARK [3][-]{subsubsection.6.17.1.2}{\376\377\0006\000.\0001\0007\000.\0001\000.\0002\000\040\000p\000o\000s\000i\000t\000i\000o\000n}{subsection.6.17.1}% 213
\BOOKMARK [1][-]{section.6.18}{\376\377\0006\000.\0001\0008\000\040\000R\000e\000n\000d\000e\000r\000e\000r\000\040\000C\000l\000a\000s\000s\000\040\000R\000e\000f\000e\000r\000e\000n\000c\000e}{chapter.6}% 214
\BOOKMARK [2][-]{subsection.6.18.1}{\376\377\0006\000.\0001\0008\000.\0001\000\040\000D\000e\000t\000a\000i\000l\000e\000d\000\040\000D\000e\000s\000c\000r\000i\000p\000t\000i\000o\000n}{section.6.18}% 215
\BOOKMARK [2][-]{subsection.6.18.2}{\376\377\0006\000.\0001\0008\000.\0002\000\040\000C\000o\000n\000s\000t\000r\000u\000c\000t\000o\000r\000\040\000\046\000\040\000D\000e\000s\000t\000r\000u\000c\000t\000o\000r\000\040\000D\000o\000c\000u\000m\000e\000n\000t\000a\000t\000i\000o\000n}{section.6.18}% 216
\BOOKMARK [3][-]{subsubsection.6.18.2.1}{\376\377\0006\000.\0001\0008\000.\0002\000.\0001\000\040\000R\000e\000n\000d\000e\000r\000e\000r\000\050\000\051}{subsection.6.18.2}% 217
\BOOKMARK [2][-]{subsection.6.18.3}{\376\377\0006\000.\0001\0008\000.\0003\000\040\000M\000e\000m\000b\000e\000r\000\040\000F\000u\000n\000c\000t\000i\000o\000n\000\040\000D\000o\000c\000u\000m\000e\000n\000t\000a\000t\000i\000o\000n}{section.6.18}% 218
\BOOKMARK [3][-]{subsubsection.6.18.3.1}{\376\377\0006\000.\0001\0008\000.\0003\000.\0001\000\040\000c\000l\000e\000a\000r\000\050\000\051}{subsection.6.18.3}% 219
\BOOKMARK [3][-]{subsubsection.6.18.3.2}{\376\377\0006\000.\0001\0008\000.\0003\000.\0002\000\040\000c\000r\000e\000a\000t\000e\000T\000e\000x\000t\000u\000r\000e\000\050\000\051}{subsection.6.18.3}% 220
\BOOKMARK [3][-]{subsubsection.6.18.3.3}{\376\377\0006\000.\0001\0008\000.\0003\000.\0003\000\040\000d\000e\000b\000u\000g\000\050\000\051}{subsection.6.18.3}% 221
\BOOKMARK [3][-]{subsubsection.6.18.3.4}{\376\377\0006\000.\0001\0008\000.\0003\000.\0004\000\040\000g\000e\000t\000I\000n\000s\000t\000a\000n\000c\000e\000\050\000\051}{subsection.6.18.3}% 222
\BOOKMARK [3][-]{subsubsection.6.18.3.5}{\376\377\0006\000.\0001\0008\000.\0003\000.\0005\000\040\000g\000e\000t\000W\000i\000n\000d\000o\000w\000\050\000\051}{subsection.6.18.3}% 223
\BOOKMARK [3][-]{subsubsection.6.18.3.6}{\376\377\0006\000.\0001\0008\000.\0003\000.\0006\000\040\000g\000e\000t\000W\000i\000n\000d\000o\000w\000S\000i\000z\000e\000\050\000\051}{subsection.6.18.3}% 224
\BOOKMARK [3][-]{subsubsection.6.18.3.7}{\376\377\0006\000.\0001\0008\000.\0003\000.\0007\000\040\000m\000o\000v\000e\000L\000a\000y\000e\000r\000B\000o\000t\000t\000o\000m\000\050\000\051}{subsection.6.18.3}% 225
\BOOKMARK [3][-]{subsubsection.6.18.3.8}{\376\377\0006\000.\0001\0008\000.\0003\000.\0008\000\040\000m\000o\000v\000e\000L\000a\000y\000e\000r\000D\000o\000w\000n\000\050\000\051}{subsection.6.18.3}% 226
\BOOKMARK [3][-]{subsubsection.6.18.3.9}{\376\377\0006\000.\0001\0008\000.\0003\000.\0009\000\040\000m\000o\000v\000e\000L\000a\000y\000e\000r\000T\000o\000p\000\050\000\051}{subsection.6.18.3}% 227
\BOOKMARK [3][-]{subsubsection.6.18.3.10}{\376\377\0006\000.\0001\0008\000.\0003\000.\0001\0000\000\040\000m\000o\000v\000e\000L\000a\000y\000e\000r\000U\000p\000\050\000\051}{subsection.6.18.3}% 228
\BOOKMARK [3][-]{subsubsection.6.18.3.11}{\376\377\0006\000.\0001\0008\000.\0003\000.\0001\0001\000\040\000o\000p\000e\000r\000a\000t\000o\000r\000=\000\050\000\051}{subsection.6.18.3}% 229
\BOOKMARK [3][-]{subsubsection.6.18.3.12}{\376\377\0006\000.\0001\0008\000.\0003\000.\0001\0002\000\040\000r\000e\000g\000i\000s\000t\000e\000r\000O\000b\000j\000e\000c\000t\000\050\000\051}{subsection.6.18.3}% 230
\BOOKMARK [3][-]{subsubsection.6.18.3.13}{\376\377\0006\000.\0001\0008\000.\0003\000.\0001\0003\000\040\000r\000e\000m\000o\000v\000e\000O\000b\000j\000e\000c\000t\000\050\000\051}{subsection.6.18.3}% 231
\BOOKMARK [3][-]{subsubsection.6.18.3.14}{\376\377\0006\000.\0001\0008\000.\0003\000.\0001\0004\000\040\000r\000e\000n\000d\000e\000r\000\050\000\051}{subsection.6.18.3}% 232
\BOOKMARK [1][-]{section.6.19}{\376\377\0006\000.\0001\0009\000\040\000R\000e\000n\000d\000e\000r\000e\000r\000:\000:\000R\000e\000n\000d\000e\000r\000K\000e\000y\000\040\000C\000l\000a\000s\000s\000\040\000R\000e\000f\000e\000r\000e\000n\000c\000e}{chapter.6}% 233
\BOOKMARK [2][-]{subsection.6.19.1}{\376\377\0006\000.\0001\0009\000.\0001\000\040\000C\000o\000n\000s\000t\000r\000u\000c\000t\000o\000r\000\040\000\046\000\040\000D\000e\000s\000t\000r\000u\000c\000t\000o\000r\000\040\000D\000o\000c\000u\000m\000e\000n\000t\000a\000t\000i\000o\000n}{section.6.19}% 234
\BOOKMARK [3][-]{subsubsection.6.19.1.1}{\376\377\0006\000.\0001\0009\000.\0001\000.\0001\000\040\000R\000e\000n\000d\000e\000r\000K\000e\000y\000\050\000\051\000\040\000[\0001\000/\0002\000]}{subsection.6.19.1}% 235
\BOOKMARK [3][-]{subsubsection.6.19.1.2}{\376\377\0006\000.\0001\0009\000.\0001\000.\0002\000\040\000R\000e\000n\000d\000e\000r\000K\000e\000y\000\050\000\051\000\040\000[\0002\000/\0002\000]}{subsection.6.19.1}% 236
\BOOKMARK [1][-]{section.6.20}{\376\377\0006\000.\0002\0000\000\040\000R\000e\000n\000d\000e\000r\000O\000b\000j\000e\000c\000t\000B\000a\000s\000e\000\040\000C\000l\000a\000s\000s\000\040\000R\000e\000f\000e\000r\000e\000n\000c\000e}{chapter.6}% 237
\BOOKMARK [2][-]{subsection.6.20.1}{\376\377\0006\000.\0002\0000\000.\0001\000\040\000D\000e\000t\000a\000i\000l\000e\000d\000\040\000D\000e\000s\000c\000r\000i\000p\000t\000i\000o\000n}{section.6.20}% 238
\BOOKMARK [2][-]{subsection.6.20.2}{\376\377\0006\000.\0002\0000\000.\0002\000\040\000M\000e\000m\000b\000e\000r\000\040\000F\000u\000n\000c\000t\000i\000o\000n\000\040\000D\000o\000c\000u\000m\000e\000n\000t\000a\000t\000i\000o\000n}{section.6.20}% 239
\BOOKMARK [3][-]{subsubsection.6.20.2.1}{\376\377\0006\000.\0002\0000\000.\0002\000.\0001\000\040\000d\000e\000b\000u\000g\000\050\000\051}{subsection.6.20.2}% 240
\BOOKMARK [1][-]{section.6.21}{\376\377\0006\000.\0002\0001\000\040\000s\000d\000l\000\137\000d\000e\000l\000e\000t\000e\000r\000\040\000S\000t\000r\000u\000c\000t\000\040\000R\000e\000f\000e\000r\000e\000n\000c\000e}{chapter.6}% 241
\BOOKMARK [2][-]{subsection.6.21.1}{\376\377\0006\000.\0002\0001\000.\0001\000\040\000D\000e\000t\000a\000i\000l\000e\000d\000\040\000D\000e\000s\000c\000r\000i\000p\000t\000i\000o\000n}{section.6.21}% 242
\BOOKMARK [2][-]{subsection.6.21.2}{\376\377\0006\000.\0002\0001\000.\0002\000\040\000M\000e\000m\000b\000e\000r\000\040\000F\000u\000n\000c\000t\000i\000o\000n\000\040\000D\000o\000c\000u\000m\000e\000n\000t\000a\000t\000i\000o\000n}{section.6.21}% 243
\BOOKMARK [3][-]{subsubsection.6.21.2.1}{\376\377\0006\000.\0002\0001\000.\0002\000.\0001\000\040\000o\000p\000e\000r\000a\000t\000o\000r\000\050\000\051\000\050\000\051\000\040\000[\0001\000/\0001\0002\000]}{subsection.6.21.2}% 244
\BOOKMARK [3][-]{subsubsection.6.21.2.2}{\376\377\0006\000.\0002\0001\000.\0002\000.\0002\000\040\000o\000p\000e\000r\000a\000t\000o\000r\000\050\000\051\000\050\000\051\000\040\000[\0002\000/\0001\0002\000]}{subsection.6.21.2}% 245
\BOOKMARK [3][-]{subsubsection.6.21.2.3}{\376\377\0006\000.\0002\0001\000.\0002\000.\0003\000\040\000o\000p\000e\000r\000a\000t\000o\000r\000\050\000\051\000\050\000\051\000\040\000[\0003\000/\0001\0002\000]}{subsection.6.21.2}% 246
\BOOKMARK [3][-]{subsubsection.6.21.2.4}{\376\377\0006\000.\0002\0001\000.\0002\000.\0004\000\040\000o\000p\000e\000r\000a\000t\000o\000r\000\050\000\051\000\050\000\051\000\040\000[\0004\000/\0001\0002\000]}{subsection.6.21.2}% 247
\BOOKMARK [3][-]{subsubsection.6.21.2.5}{\376\377\0006\000.\0002\0001\000.\0002\000.\0005\000\040\000o\000p\000e\000r\000a\000t\000o\000r\000\050\000\051\000\050\000\051\000\040\000[\0005\000/\0001\0002\000]}{subsection.6.21.2}% 248
\BOOKMARK [3][-]{subsubsection.6.21.2.6}{\376\377\0006\000.\0002\0001\000.\0002\000.\0006\000\040\000o\000p\000e\000r\000a\000t\000o\000r\000\050\000\051\000\050\000\051\000\040\000[\0006\000/\0001\0002\000]}{subsection.6.21.2}% 249
\BOOKMARK [3][-]{subsubsection.6.21.2.7}{\376\377\0006\000.\0002\0001\000.\0002\000.\0007\000\040\000o\000p\000e\000r\000a\000t\000o\000r\000\050\000\051\000\050\000\051\000\040\000[\0007\000/\0001\0002\000]}{subsection.6.21.2}% 250
\BOOKMARK [3][-]{subsubsection.6.21.2.8}{\376\377\0006\000.\0002\0001\000.\0002\000.\0008\000\040\000o\000p\000e\000r\000a\000t\000o\000r\000\050\000\051\000\050\000\051\000\040\000[\0008\000/\0001\0002\000]}{subsection.6.21.2}% 251
\BOOKMARK [3][-]{subsubsection.6.21.2.9}{\376\377\0006\000.\0002\0001\000.\0002\000.\0009\000\040\000o\000p\000e\000r\000a\000t\000o\000r\000\050\000\051\000\050\000\051\000\040\000[\0009\000/\0001\0002\000]}{subsection.6.21.2}% 252
\BOOKMARK [3][-]{subsubsection.6.21.2.10}{\376\377\0006\000.\0002\0001\000.\0002\000.\0001\0000\000\040\000o\000p\000e\000r\000a\000t\000o\000r\000\050\000\051\000\050\000\051\000\040\000[\0001\0000\000/\0001\0002\000]}{subsection.6.21.2}% 253
\BOOKMARK [3][-]{subsubsection.6.21.2.11}{\376\377\0006\000.\0002\0001\000.\0002\000.\0001\0001\000\040\000o\000p\000e\000r\000a\000t\000o\000r\000\050\000\051\000\050\000\051\000\040\000[\0001\0001\000/\0001\0002\000]}{subsection.6.21.2}% 254
\BOOKMARK [3][-]{subsubsection.6.21.2.12}{\376\377\0006\000.\0002\0001\000.\0002\000.\0001\0002\000\040\000o\000p\000e\000r\000a\000t\000o\000r\000\050\000\051\000\050\000\051\000\040\000[\0001\0002\000/\0001\0002\000]}{subsection.6.21.2}% 255
\BOOKMARK [1][-]{section.6.22}{\376\377\0006\000.\0002\0002\000\040\000S\000e\000l\000e\000c\000t\000i\000o\000n\000M\000a\000n\000a\000g\000e\000r\000<\000\040\000T\000\040\000>\000\040\000C\000l\000a\000s\000s\000\040\000T\000e\000m\000p\000l\000a\000t\000e\000\040\000R\000e\000f\000e\000r\000e\000n\000c\000e}{chapter.6}% 256
\BOOKMARK [2][-]{subsection.6.22.1}{\376\377\0006\000.\0002\0002\000.\0001\000\040\000C\000o\000n\000s\000t\000r\000u\000c\000t\000o\000r\000\040\000\046\000\040\000D\000e\000s\000t\000r\000u\000c\000t\000o\000r\000\040\000D\000o\000c\000u\000m\000e\000n\000t\000a\000t\000i\000o\000n}{section.6.22}% 257
\BOOKMARK [3][-]{subsubsection.6.22.1.1}{\376\377\0006\000.\0002\0002\000.\0001\000.\0001\000\040\000S\000e\000l\000e\000c\000t\000i\000o\000n\000M\000a\000n\000a\000g\000e\000r\000\050\000\051\000\040\000[\0001\000/\0002\000]}{subsection.6.22.1}% 258
\BOOKMARK [3][-]{subsubsection.6.22.1.2}{\376\377\0006\000.\0002\0002\000.\0001\000.\0002\000\040\000S\000e\000l\000e\000c\000t\000i\000o\000n\000M\000a\000n\000a\000g\000e\000r\000\050\000\051\000\040\000[\0002\000/\0002\000]}{subsection.6.22.1}% 259
\BOOKMARK [2][-]{subsection.6.22.2}{\376\377\0006\000.\0002\0002\000.\0002\000\040\000M\000e\000m\000b\000e\000r\000\040\000F\000u\000n\000c\000t\000i\000o\000n\000\040\000D\000o\000c\000u\000m\000e\000n\000t\000a\000t\000i\000o\000n}{section.6.22}% 260
\BOOKMARK [3][-]{subsubsection.6.22.2.1}{\376\377\0006\000.\0002\0002\000.\0002\000.\0001\000\040\000a\000d\000d\000\050\000\051}{subsection.6.22.2}% 261
\BOOKMARK [3][-]{subsubsection.6.22.2.2}{\376\377\0006\000.\0002\0002\000.\0002\000.\0002\000\040\000g\000e\000t\000\050\000\051}{subsection.6.22.2}% 262
\BOOKMARK [3][-]{subsubsection.6.22.2.3}{\376\377\0006\000.\0002\0002\000.\0002\000.\0003\000\040\000g\000e\000t\000S\000e\000l\000e\000c\000t\000i\000o\000n\000I\000d\000\050\000\051}{subsection.6.22.2}% 263
\BOOKMARK [3][-]{subsubsection.6.22.2.4}{\376\377\0006\000.\0002\0002\000.\0002\000.\0004\000\040\000n\000e\000x\000t\000\050\000\051}{subsection.6.22.2}% 264
\BOOKMARK [3][-]{subsubsection.6.22.2.5}{\376\377\0006\000.\0002\0002\000.\0002\000.\0005\000\040\000p\000r\000e\000v\000\050\000\051}{subsection.6.22.2}% 265
\BOOKMARK [3][-]{subsubsection.6.22.2.6}{\376\377\0006\000.\0002\0002\000.\0002\000.\0006\000\040\000r\000e\000m\000o\000v\000e\000\050\000\051}{subsection.6.22.2}% 266
\BOOKMARK [3][-]{subsubsection.6.22.2.7}{\376\377\0006\000.\0002\0002\000.\0002\000.\0007\000\040\000s\000e\000t\000\050\000\051}{subsection.6.22.2}% 267
\BOOKMARK [3][-]{subsubsection.6.22.2.8}{\376\377\0006\000.\0002\0002\000.\0002\000.\0008\000\040\000s\000i\000z\000e\000\050\000\051}{subsection.6.22.2}% 268
\BOOKMARK [2][-]{subsection.6.22.3}{\376\377\0006\000.\0002\0002\000.\0003\000\040\000M\000e\000m\000b\000e\000r\000\040\000D\000a\000t\000a\000\040\000D\000o\000c\000u\000m\000e\000n\000t\000a\000t\000i\000o\000n}{section.6.22}% 269
\BOOKMARK [3][-]{subsubsection.6.22.3.1}{\376\377\0006\000.\0002\0002\000.\0003\000.\0001\000\040\000S\000E\000L\000E\000C\000T\000I\000O\000N\000\137\000N\000O\000T\000\137\000S\000E\000T}{subsection.6.22.3}% 270
\BOOKMARK [1][-]{section.6.23}{\376\377\0006\000.\0002\0003\000\040\000S\000h\000a\000p\000e\000s\000:\000:\000S\000h\000a\000p\000e\000\040\000C\000l\000a\000s\000s\000\040\000R\000e\000f\000e\000r\000e\000n\000c\000e}{chapter.6}% 271
\BOOKMARK [2][-]{subsection.6.23.1}{\376\377\0006\000.\0002\0003\000.\0001\000\040\000C\000o\000n\000s\000t\000r\000u\000c\000t\000o\000r\000\040\000\046\000\040\000D\000e\000s\000t\000r\000u\000c\000t\000o\000r\000\040\000D\000o\000c\000u\000m\000e\000n\000t\000a\000t\000i\000o\000n}{section.6.23}% 272
\BOOKMARK [3][-]{subsubsection.6.23.1.1}{\376\377\0006\000.\0002\0003\000.\0001\000.\0001\000\040\000S\000h\000a\000p\000e\000\050\000\051}{subsection.6.23.1}% 273
\BOOKMARK [3][-]{subsubsection.6.23.1.2}{\376\377\0006\000.\0002\0003\000.\0001\000.\0002\000\040\000~\000S\000h\000a\000p\000e\000\050\000\051}{subsection.6.23.1}% 274
\BOOKMARK [2][-]{subsection.6.23.2}{\376\377\0006\000.\0002\0003\000.\0002\000\040\000M\000e\000m\000b\000e\000r\000\040\000F\000u\000n\000c\000t\000i\000o\000n\000\040\000D\000o\000c\000u\000m\000e\000n\000t\000a\000t\000i\000o\000n}{section.6.23}% 275
\BOOKMARK [3][-]{subsubsection.6.23.2.1}{\376\377\0006\000.\0002\0003\000.\0002\000.\0001\000\040\000d\000r\000a\000w\000\050\000\051}{subsection.6.23.2}% 276
\BOOKMARK [3][-]{subsubsection.6.23.2.2}{\376\377\0006\000.\0002\0003\000.\0002\000.\0002\000\040\000g\000e\000t\000C\000o\000l\000o\000r\000\050\000\051}{subsection.6.23.2}% 277
\BOOKMARK [3][-]{subsubsection.6.23.2.3}{\376\377\0006\000.\0002\0003\000.\0002\000.\0003\000\040\000s\000e\000t\000C\000o\000l\000o\000r\000\050\000\051}{subsection.6.23.2}% 278
\BOOKMARK [2][-]{subsection.6.23.3}{\376\377\0006\000.\0002\0003\000.\0003\000\040\000M\000e\000m\000b\000e\000r\000\040\000D\000a\000t\000a\000\040\000D\000o\000c\000u\000m\000e\000n\000t\000a\000t\000i\000o\000n}{section.6.23}% 279
\BOOKMARK [3][-]{subsubsection.6.23.3.1}{\376\377\0006\000.\0002\0003\000.\0003\000.\0001\000\040\000c\000o\000l\000o\000r}{subsection.6.23.3}% 280
\BOOKMARK [3][-]{subsubsection.6.23.3.2}{\376\377\0006\000.\0002\0003\000.\0003\000.\0002\000\040\000v\000i\000e\000w}{subsection.6.23.3}% 281
\BOOKMARK [1][-]{section.6.24}{\376\377\0006\000.\0002\0004\000\040\000T\000e\000x\000t\000u\000r\000e\000H\000a\000n\000d\000l\000e\000r\000\040\000C\000l\000a\000s\000s\000\040\000R\000e\000f\000e\000r\000e\000n\000c\000e}{chapter.6}% 282
\BOOKMARK [2][-]{subsection.6.24.1}{\376\377\0006\000.\0002\0004\000.\0001\000\040\000D\000e\000t\000a\000i\000l\000e\000d\000\040\000D\000e\000s\000c\000r\000i\000p\000t\000i\000o\000n}{section.6.24}% 283
\BOOKMARK [2][-]{subsection.6.24.2}{\376\377\0006\000.\0002\0004\000.\0002\000\040\000C\000o\000n\000s\000t\000r\000u\000c\000t\000o\000r\000\040\000\046\000\040\000D\000e\000s\000t\000r\000u\000c\000t\000o\000r\000\040\000D\000o\000c\000u\000m\000e\000n\000t\000a\000t\000i\000o\000n}{section.6.24}% 284
\BOOKMARK [3][-]{subsubsection.6.24.2.1}{\376\377\0006\000.\0002\0004\000.\0002\000.\0001\000\040\000T\000e\000x\000t\000u\000r\000e\000H\000a\000n\000d\000l\000e\000r\000\050\000\051}{subsection.6.24.2}% 285
\BOOKMARK [2][-]{subsection.6.24.3}{\376\377\0006\000.\0002\0004\000.\0003\000\040\000M\000e\000m\000b\000e\000r\000\040\000F\000u\000n\000c\000t\000i\000o\000n\000\040\000D\000o\000c\000u\000m\000e\000n\000t\000a\000t\000i\000o\000n}{section.6.24}% 286
\BOOKMARK [3][-]{subsubsection.6.24.3.1}{\376\377\0006\000.\0002\0004\000.\0003\000.\0001\000\040\000g\000e\000t\000I\000n\000s\000t\000a\000n\000c\000e\000\050\000\051}{subsection.6.24.3}% 287
\BOOKMARK [3][-]{subsubsection.6.24.3.2}{\376\377\0006\000.\0002\0004\000.\0003\000.\0002\000\040\000g\000e\000t\000T\000e\000x\000t\000u\000r\000e\000\050\000\051}{subsection.6.24.3}% 288
\BOOKMARK [3][-]{subsubsection.6.24.3.3}{\376\377\0006\000.\0002\0004\000.\0003\000.\0003\000\040\000o\000p\000e\000r\000a\000t\000o\000r\000=\000\050\000\051}{subsection.6.24.3}% 289
\BOOKMARK [1][-]{section.6.25}{\376\377\0006\000.\0002\0005\000\040\000V\000e\000c\000t\000o\000r\0002\000D\000\040\000C\000l\000a\000s\000s\000\040\000R\000e\000f\000e\000r\000e\000n\000c\000e}{chapter.6}% 290
\BOOKMARK [2][-]{subsection.6.25.1}{\376\377\0006\000.\0002\0005\000.\0001\000\040\000C\000o\000n\000s\000t\000r\000u\000c\000t\000o\000r\000\040\000\046\000\040\000D\000e\000s\000t\000r\000u\000c\000t\000o\000r\000\040\000D\000o\000c\000u\000m\000e\000n\000t\000a\000t\000i\000o\000n}{section.6.25}% 291
\BOOKMARK [3][-]{subsubsection.6.25.1.1}{\376\377\0006\000.\0002\0005\000.\0001\000.\0001\000\040\000V\000e\000c\000t\000o\000r\0002\000D\000\050\000\051\000\040\000[\0001\000/\0002\000]}{subsection.6.25.1}% 292
\BOOKMARK [3][-]{subsubsection.6.25.1.2}{\376\377\0006\000.\0002\0005\000.\0001\000.\0002\000\040\000V\000e\000c\000t\000o\000r\0002\000D\000\050\000\051\000\040\000[\0002\000/\0002\000]}{subsection.6.25.1}% 293
\BOOKMARK [2][-]{subsection.6.25.2}{\376\377\0006\000.\0002\0005\000.\0002\000\040\000M\000e\000m\000b\000e\000r\000\040\000F\000u\000n\000c\000t\000i\000o\000n\000\040\000D\000o\000c\000u\000m\000e\000n\000t\000a\000t\000i\000o\000n}{section.6.25}% 294
\BOOKMARK [3][-]{subsubsection.6.25.2.1}{\376\377\0006\000.\0002\0005\000.\0002\000.\0001\000\040\000c\000r\000o\000s\000s\000\050\000\051}{subsection.6.25.2}% 295
\BOOKMARK [3][-]{subsubsection.6.25.2.2}{\376\377\0006\000.\0002\0005\000.\0002\000.\0002\000\040\000d\000o\000t\000\050\000\051}{subsection.6.25.2}% 296
\BOOKMARK [3][-]{subsubsection.6.25.2.3}{\376\377\0006\000.\0002\0005\000.\0002\000.\0003\000\040\000g\000e\000t\000X\000\050\000\051}{subsection.6.25.2}% 297
\BOOKMARK [3][-]{subsubsection.6.25.2.4}{\376\377\0006\000.\0002\0005\000.\0002\000.\0004\000\040\000g\000e\000t\000Y\000\050\000\051}{subsection.6.25.2}% 298
\BOOKMARK [3][-]{subsubsection.6.25.2.5}{\376\377\0006\000.\0002\0005\000.\0002\000.\0005\000\040\000l\000e\000n\000\050\000\051}{subsection.6.25.2}% 299
\BOOKMARK [3][-]{subsubsection.6.25.2.6}{\376\377\0006\000.\0002\0005\000.\0002\000.\0006\000\040\000l\000e\000n\0002\000\050\000\051}{subsection.6.25.2}% 300
\BOOKMARK [3][-]{subsubsection.6.25.2.7}{\376\377\0006\000.\0002\0005\000.\0002\000.\0007\000\040\000n\000o\000r\000m\000\050\000\051}{subsection.6.25.2}% 301
\BOOKMARK [3][-]{subsubsection.6.25.2.8}{\376\377\0006\000.\0002\0005\000.\0002\000.\0008\000\040\000r\000o\000t\000a\000t\000e\000\050\000\051\000\040\000[\0001\000/\0002\000]}{subsection.6.25.2}% 302
\BOOKMARK [3][-]{subsubsection.6.25.2.9}{\376\377\0006\000.\0002\0005\000.\0002\000.\0009\000\040\000r\000o\000t\000a\000t\000e\000\050\000\051\000\040\000[\0002\000/\0002\000]}{subsection.6.25.2}% 303
\BOOKMARK [3][-]{subsubsection.6.25.2.10}{\376\377\0006\000.\0002\0005\000.\0002\000.\0001\0000\000\040\000z\000e\000r\000o\000\050\000\051}{subsection.6.25.2}% 304
\BOOKMARK [2][-]{subsection.6.25.3}{\376\377\0006\000.\0002\0005\000.\0003\000\040\000F\000r\000i\000e\000n\000d\000s\000\040\000A\000n\000d\000\040\000R\000e\000l\000a\000t\000e\000d\000\040\000S\000y\000m\000b\000o\000l\000\040\000D\000o\000c\000u\000m\000e\000n\000t\000a\000t\000i\000o\000n}{section.6.25}% 305
\BOOKMARK [3][-]{subsubsection.6.25.3.1}{\376\377\0006\000.\0002\0005\000.\0003\000.\0001\000\040\000o\000p\000e\000r\000a\000t\000o\000r\000*}{subsection.6.25.3}% 306
\BOOKMARK [3][-]{subsubsection.6.25.3.2}{\376\377\0006\000.\0002\0005\000.\0003\000.\0002\000\040\000o\000p\000e\000r\000a\000t\000o\000r\000*\000=}{subsection.6.25.3}% 307
\BOOKMARK [3][-]{subsubsection.6.25.3.3}{\376\377\0006\000.\0002\0005\000.\0003\000.\0003\000\040\000o\000p\000e\000r\000a\000t\000o\000r\000+}{subsection.6.25.3}% 308
\BOOKMARK [3][-]{subsubsection.6.25.3.4}{\376\377\0006\000.\0002\0005\000.\0003\000.\0004\000\040\000o\000p\000e\000r\000a\000t\000o\000r\000+\000=}{subsection.6.25.3}% 309
\BOOKMARK [3][-]{subsubsection.6.25.3.5}{\376\377\0006\000.\0002\0005\000.\0003\000.\0005\000\040\000o\000p\000e\000r\000a\000t\000o\000r\000-\000\040\000[\0001\000/\0002\000]}{subsection.6.25.3}% 310
\BOOKMARK [3][-]{subsubsection.6.25.3.6}{\376\377\0006\000.\0002\0005\000.\0003\000.\0006\000\040\000o\000p\000e\000r\000a\000t\000o\000r\000-\000\040\000[\0002\000/\0002\000]}{subsection.6.25.3}% 311
\BOOKMARK [3][-]{subsubsection.6.25.3.7}{\376\377\0006\000.\0002\0005\000.\0003\000.\0007\000\040\000o\000p\000e\000r\000a\000t\000o\000r\000-\000=}{subsection.6.25.3}% 312
\BOOKMARK [3][-]{subsubsection.6.25.3.8}{\376\377\0006\000.\0002\0005\000.\0003\000.\0008\000\040\000o\000p\000e\000r\000a\000t\000o\000r\000/}{subsection.6.25.3}% 313
\BOOKMARK [3][-]{subsubsection.6.25.3.9}{\376\377\0006\000.\0002\0005\000.\0003\000.\0009\000\040\000o\000p\000e\000r\000a\000t\000o\000r\000/\000=}{subsection.6.25.3}% 314
\BOOKMARK [1][-]{section.6.26}{\376\377\0006\000.\0002\0006\000\040\000V\000i\000e\000w\000s\000:\000:\000V\000i\000e\000w\000\040\000C\000l\000a\000s\000s\000\040\000R\000e\000f\000e\000r\000e\000n\000c\000e}{chapter.6}% 315
\BOOKMARK [2][-]{subsection.6.26.1}{\376\377\0006\000.\0002\0006\000.\0001\000\040\000D\000e\000t\000a\000i\000l\000e\000d\000\040\000D\000e\000s\000c\000r\000i\000p\000t\000i\000o\000n}{section.6.26}% 316
\BOOKMARK [2][-]{subsection.6.26.2}{\376\377\0006\000.\0002\0006\000.\0002\000\040\000C\000o\000n\000s\000t\000r\000u\000c\000t\000o\000r\000\040\000\046\000\040\000D\000e\000s\000t\000r\000u\000c\000t\000o\000r\000\040\000D\000o\000c\000u\000m\000e\000n\000t\000a\000t\000i\000o\000n}{section.6.26}% 317
\BOOKMARK [3][-]{subsubsection.6.26.2.1}{\376\377\0006\000.\0002\0006\000.\0002\000.\0001\000\040\000V\000i\000e\000w\000\050\000\051}{subsection.6.26.2}% 318
\BOOKMARK [3][-]{subsubsection.6.26.2.2}{\376\377\0006\000.\0002\0006\000.\0002\000.\0002\000\040\000~\000V\000i\000e\000w\000\050\000\051}{subsection.6.26.2}% 319
\BOOKMARK [2][-]{subsection.6.26.3}{\376\377\0006\000.\0002\0006\000.\0003\000\040\000M\000e\000m\000b\000e\000r\000\040\000F\000u\000n\000c\000t\000i\000o\000n\000\040\000D\000o\000c\000u\000m\000e\000n\000t\000a\000t\000i\000o\000n}{section.6.26}% 320
\BOOKMARK [3][-]{subsubsection.6.26.3.1}{\376\377\0006\000.\0002\0006\000.\0003\000.\0001\000\040\000g\000e\000t\000A\000n\000g\000l\000e\000\050\000\051}{subsection.6.26.3}% 321
\BOOKMARK [3][-]{subsubsection.6.26.3.2}{\376\377\0006\000.\0002\0006\000.\0003\000.\0002\000\040\000g\000e\000t\000D\000i\000m\000e\000n\000s\000i\000o\000n\000\050\000\051}{subsection.6.26.3}% 322
\BOOKMARK [3][-]{subsubsection.6.26.3.3}{\376\377\0006\000.\0002\0006\000.\0003\000.\0003\000\040\000g\000e\000t\000P\000o\000s\000i\000t\000i\000o\000n\000\050\000\051}{subsection.6.26.3}% 323
\BOOKMARK [3][-]{subsubsection.6.26.3.4}{\376\377\0006\000.\0002\0006\000.\0003\000.\0004\000\040\000g\000e\000t\000R\000e\000c\000t\000\050\000\051}{subsection.6.26.3}% 324
\BOOKMARK [3][-]{subsubsection.6.26.3.5}{\376\377\0006\000.\0002\0006\000.\0003\000.\0005\000\040\000g\000e\000t\000Z\000o\000o\000m\000\050\000\051}{subsection.6.26.3}% 325
\BOOKMARK [3][-]{subsubsection.6.26.3.6}{\376\377\0006\000.\0002\0006\000.\0003\000.\0006\000\040\000t\000r\000a\000n\000s\000f\000o\000r\000m\000\050\000\051}{subsection.6.26.3}% 326
\BOOKMARK [3][-]{subsubsection.6.26.3.7}{\376\377\0006\000.\0002\0006\000.\0003\000.\0007\000\040\000t\000r\000a\000n\000s\000f\000o\000r\000m\000F\000r\000o\000m\000R\000e\000n\000d\000e\000r\000\050\000\051}{subsection.6.26.3}% 327
\BOOKMARK [2][-]{subsection.6.26.4}{\376\377\0006\000.\0002\0006\000.\0004\000\040\000M\000e\000m\000b\000e\000r\000\040\000D\000a\000t\000a\000\040\000D\000o\000c\000u\000m\000e\000n\000t\000a\000t\000i\000o\000n}{section.6.26}% 328
\BOOKMARK [3][-]{subsubsection.6.26.4.1}{\376\377\0006\000.\0002\0006\000.\0004\000.\0001\000\040\000d\000i\000m\000e\000n\000s\000i\000o\000n}{subsection.6.26.4}% 329
\BOOKMARK [3][-]{subsubsection.6.26.4.2}{\376\377\0006\000.\0002\0006\000.\0004\000.\0002\000\040\000p\000o\000s\000i\000t\000i\000o\000n}{subsection.6.26.4}% 330
\BOOKMARK [0][-]{chapter.7}{\376\377\0007\000\040\000F\000i\000l\000e\000\040\000D\000o\000c\000u\000m\000e\000n\000t\000a\000t\000i\000o\000n}{}% 331
\BOOKMARK [1][-]{section.7.1}{\376\377\0007\000.\0001\000\040\000i\000n\000c\000l\000u\000d\000e\000/\000c\000o\000m\000m\000a\000n\000d\000/\000c\000o\000m\000m\000a\000n\000d\000.\000h\000\040\000F\000i\000l\000e\000\040\000R\000e\000f\000e\000r\000e\000n\000c\000e}{chapter.7}% 332
\BOOKMARK [1][-]{section.7.2}{\376\377\0007\000.\0002\000\040\000c\000o\000m\000m\000a\000n\000d\000.\000h}{chapter.7}% 333
\BOOKMARK [1][-]{section.7.3}{\376\377\0007\000.\0003\000\040\000i\000n\000c\000l\000u\000d\000e\000/\000c\000o\000m\000m\000a\000n\000d\000\137\000m\000a\000n\000a\000g\000e\000r\000.\000h\000\040\000F\000i\000l\000e\000\040\000R\000e\000f\000e\000r\000e\000n\000c\000e}{chapter.7}% 334
\BOOKMARK [1][-]{section.7.4}{\376\377\0007\000.\0004\000\040\000c\000o\000m\000m\000a\000n\000d\000\137\000m\000a\000n\000a\000g\000e\000r\000.\000h}{chapter.7}% 335
\BOOKMARK [1][-]{section.7.5}{\376\377\0007\000.\0005\000\040\000i\000n\000c\000l\000u\000d\000e\000/\000c\000o\000n\000f\000i\000g\000.\000h\000\040\000F\000i\000l\000e\000\040\000R\000e\000f\000e\000r\000e\000n\000c\000e}{chapter.7}% 336
\BOOKMARK [1][-]{section.7.6}{\376\377\0007\000.\0006\000\040\000c\000o\000n\000f\000i\000g\000.\000h}{chapter.7}% 337
\BOOKMARK [1][-]{section.7.7}{\376\377\0007\000.\0007\000\040\000i\000n\000c\000l\000u\000d\000e\000/\000g\000a\000m\000e\000\137\000m\000a\000n\000a\000g\000e\000r\000.\000h\000\040\000F\000i\000l\000e\000\040\000R\000e\000f\000e\000r\000e\000n\000c\000e}{chapter.7}% 338
\BOOKMARK [1][-]{section.7.8}{\376\377\0007\000.\0008\000\040\000g\000a\000m\000e\000\137\000m\000a\000n\000a\000g\000e\000r\000.\000h}{chapter.7}% 339
\BOOKMARK [1][-]{section.7.9}{\376\377\0007\000.\0009\000\040\000i\000n\000c\000l\000u\000d\000e\000/\000i\000n\000i\000t\000.\000h\000\040\000F\000i\000l\000e\000\040\000R\000e\000f\000e\000r\000e\000n\000c\000e}{chapter.7}% 340
\BOOKMARK [1][-]{section.7.10}{\376\377\0007\000.\0001\0000\000\040\000i\000n\000i\000t\000.\000h}{chapter.7}% 341
\BOOKMARK [1][-]{section.7.11}{\376\377\0007\000.\0001\0001\000\040\000i\000n\000c\000l\000u\000d\000e\000/\000i\000n\000p\000u\000t\000\137\000h\000a\000n\000d\000l\000e\000r\000.\000h\000\040\000F\000i\000l\000e\000\040\000R\000e\000f\000e\000r\000e\000n\000c\000e}{chapter.7}% 342
\BOOKMARK [2][-]{subsection.7.11.1}{\376\377\0007\000.\0001\0001\000.\0001\000\040\000E\000n\000u\000m\000e\000r\000a\000t\000i\000o\000n\000\040\000T\000y\000p\000e\000\040\000D\000o\000c\000u\000m\000e\000n\000t\000a\000t\000i\000o\000n}{section.7.11}% 343
\BOOKMARK [3][-]{subsubsection.7.11.1.1}{\376\377\0007\000.\0001\0001\000.\0001\000.\0001\000\040\000M\000o\000u\000s\000e\000B\000u\000t\000t\000o\000n}{subsection.7.11.1}% 344
\BOOKMARK [1][-]{section.7.12}{\376\377\0007\000.\0001\0002\000\040\000i\000n\000p\000u\000t\000\137\000h\000a\000n\000d\000l\000e\000r\000.\000h}{chapter.7}% 345
\BOOKMARK [1][-]{section.7.13}{\376\377\0007\000.\0001\0003\000\040\000i\000n\000c\000l\000u\000d\000e\000/\000o\000b\000j\000e\000c\000t\000/\000b\000u\000l\000l\000e\000t\000.\000h\000\040\000F\000i\000l\000e\000\040\000R\000e\000f\000e\000r\000e\000n\000c\000e}{chapter.7}% 346
\BOOKMARK [1][-]{section.7.14}{\376\377\0007\000.\0001\0004\000\040\000b\000u\000l\000l\000e\000t\000.\000h}{chapter.7}% 347
\BOOKMARK [1][-]{section.7.15}{\376\377\0007\000.\0001\0005\000\040\000i\000n\000c\000l\000u\000d\000e\000/\000o\000b\000j\000e\000c\000t\000/\000b\000u\000t\000t\000o\000n\000.\000h\000\040\000F\000i\000l\000e\000\040\000R\000e\000f\000e\000r\000e\000n\000c\000e}{chapter.7}% 348
\BOOKMARK [1][-]{section.7.16}{\376\377\0007\000.\0001\0006\000\040\000b\000u\000t\000t\000o\000n\000.\000h}{chapter.7}% 349
\BOOKMARK [1][-]{section.7.17}{\376\377\0007\000.\0001\0007\000\040\000i\000n\000c\000l\000u\000d\000e\000/\000o\000b\000j\000e\000c\000t\000/\000i\000t\000e\000m\000/\000i\000t\000e\000m\000.\000h\000\040\000F\000i\000l\000e\000\040\000R\000e\000f\000e\000r\000e\000n\000c\000e}{chapter.7}% 350
\BOOKMARK [1][-]{section.7.18}{\376\377\0007\000.\0001\0008\000\040\000i\000t\000e\000m\000.\000h}{chapter.7}% 351
\BOOKMARK [1][-]{section.7.19}{\376\377\0007\000.\0001\0009\000\040\000i\000n\000c\000l\000u\000d\000e\000/\000o\000b\000j\000e\000c\000t\000/\000o\000b\000j\000e\000c\000t\000.\000h\000\040\000F\000i\000l\000e\000\040\000R\000e\000f\000e\000r\000e\000n\000c\000e}{chapter.7}% 352
\BOOKMARK [1][-]{section.7.20}{\376\377\0007\000.\0002\0000\000\040\000o\000b\000j\000e\000c\000t\000.\000h}{chapter.7}% 353
\BOOKMARK [1][-]{section.7.21}{\376\377\0007\000.\0002\0001\000\040\000i\000n\000c\000l\000u\000d\000e\000/\000o\000b\000j\000e\000c\000t\000/\000p\000l\000a\000y\000e\000r\000.\000h\000\040\000F\000i\000l\000e\000\040\000R\000e\000f\000e\000r\000e\000n\000c\000e}{chapter.7}% 354
\BOOKMARK [1][-]{section.7.22}{\376\377\0007\000.\0002\0002\000\040\000p\000l\000a\000y\000e\000r\000.\000h}{chapter.7}% 355
\BOOKMARK [1][-]{section.7.23}{\376\377\0007\000.\0002\0003\000\040\000i\000n\000c\000l\000u\000d\000e\000/\000r\000e\000n\000d\000e\000r\000\137\000o\000b\000j\000e\000c\000t\000\137\000b\000a\000s\000e\000.\000h\000\040\000F\000i\000l\000e\000\040\000R\000e\000f\000e\000r\000e\000n\000c\000e}{chapter.7}% 356
\BOOKMARK [1][-]{section.7.24}{\376\377\0007\000.\0002\0004\000\040\000r\000e\000n\000d\000e\000r\000\137\000o\000b\000j\000e\000c\000t\000\137\000b\000a\000s\000e\000.\000h}{chapter.7}% 357
\BOOKMARK [1][-]{section.7.25}{\376\377\0007\000.\0002\0005\000\040\000i\000n\000c\000l\000u\000d\000e\000/\000r\000e\000n\000d\000e\000r\000e\000r\000.\000h\000\040\000F\000i\000l\000e\000\040\000R\000e\000f\000e\000r\000e\000n\000c\000e}{chapter.7}% 358
\BOOKMARK [1][-]{section.7.26}{\376\377\0007\000.\0002\0006\000\040\000r\000e\000n\000d\000e\000r\000e\000r\000.\000h}{chapter.7}% 359
\BOOKMARK [1][-]{section.7.27}{\376\377\0007\000.\0002\0007\000\040\000i\000n\000c\000l\000u\000d\000e\000/\000s\000h\000a\000p\000e\000/\000c\000i\000r\000c\000l\000e\000.\000h\000\040\000F\000i\000l\000e\000\040\000R\000e\000f\000e\000r\000e\000n\000c\000e}{chapter.7}% 360
\BOOKMARK [1][-]{section.7.28}{\376\377\0007\000.\0002\0008\000\040\000c\000i\000r\000c\000l\000e\000.\000h}{chapter.7}% 361
\BOOKMARK [1][-]{section.7.29}{\376\377\0007\000.\0002\0009\000\040\000i\000n\000c\000l\000u\000d\000e\000/\000s\000h\000a\000p\000e\000/\000l\000i\000n\000e\000.\000h\000\040\000F\000i\000l\000e\000\040\000R\000e\000f\000e\000r\000e\000n\000c\000e}{chapter.7}% 362
\BOOKMARK [1][-]{section.7.30}{\376\377\0007\000.\0003\0000\000\040\000l\000i\000n\000e\000.\000h}{chapter.7}% 363
\BOOKMARK [1][-]{section.7.31}{\376\377\0007\000.\0003\0001\000\040\000i\000n\000c\000l\000u\000d\000e\000/\000s\000h\000a\000p\000e\000/\000r\000e\000c\000t\000.\000h\000\040\000F\000i\000l\000e\000\040\000R\000e\000f\000e\000r\000e\000n\000c\000e}{chapter.7}% 364
\BOOKMARK [1][-]{section.7.32}{\376\377\0007\000.\0003\0002\000\040\000r\000e\000c\000t\000.\000h}{chapter.7}% 365
\BOOKMARK [1][-]{section.7.33}{\376\377\0007\000.\0003\0003\000\040\000i\000n\000c\000l\000u\000d\000e\000/\000s\000h\000a\000p\000e\000/\000s\000h\000a\000p\000e\000.\000h\000\040\000F\000i\000l\000e\000\040\000R\000e\000f\000e\000r\000e\000n\000c\000e}{chapter.7}% 366
\BOOKMARK [1][-]{section.7.34}{\376\377\0007\000.\0003\0004\000\040\000s\000h\000a\000p\000e\000.\000h}{chapter.7}% 367
\BOOKMARK [1][-]{section.7.35}{\376\377\0007\000.\0003\0005\000\040\000i\000n\000c\000l\000u\000d\000e\000/\000s\000h\000a\000p\000e\000/\000s\000h\000a\000p\000e\000s\000.\000h\000\040\000F\000i\000l\000e\000\040\000R\000e\000f\000e\000r\000e\000n\000c\000e}{chapter.7}% 368
\BOOKMARK [1][-]{section.7.36}{\376\377\0007\000.\0003\0006\000\040\000s\000h\000a\000p\000e\000s\000.\000h}{chapter.7}% 369
\BOOKMARK [1][-]{section.7.37}{\376\377\0007\000.\0003\0007\000\040\000i\000n\000c\000l\000u\000d\000e\000/\000t\000e\000x\000t\000u\000r\000e\000/\000t\000e\000x\000t\000u\000r\000e\000\137\000h\000a\000n\000d\000l\000e\000r\000.\000h\000\040\000F\000i\000l\000e\000\040\000R\000e\000f\000e\000r\000e\000n\000c\000e}{chapter.7}% 370
\BOOKMARK [1][-]{section.7.38}{\376\377\0007\000.\0003\0008\000\040\000t\000e\000x\000t\000u\000r\000e\000\137\000h\000a\000n\000d\000l\000e\000r\000.\000h}{chapter.7}% 371
\BOOKMARK [1][-]{section.7.39}{\376\377\0007\000.\0003\0009\000\040\000i\000n\000c\000l\000u\000d\000e\000/\000u\000t\000i\000l\000i\000t\000y\000/\000f\000u\000n\000c\000t\000i\000o\000n\000s\000.\000h\000\040\000F\000i\000l\000e\000\040\000R\000e\000f\000e\000r\000e\000n\000c\000e}{chapter.7}% 372
\BOOKMARK [1][-]{section.7.40}{\376\377\0007\000.\0004\0000\000\040\000f\000u\000n\000c\000t\000i\000o\000n\000s\000.\000h}{chapter.7}% 373
\BOOKMARK [1][-]{section.7.41}{\376\377\0007\000.\0004\0001\000\040\000i\000n\000c\000l\000u\000d\000e\000/\000u\000t\000i\000l\000i\000t\000y\000/\000p\000o\000i\000n\000t\000e\000r\000\137\000w\000r\000a\000p\000p\000e\000r\000s\000.\000h\000\040\000F\000i\000l\000e\000\040\000R\000e\000f\000e\000r\000e\000n\000c\000e}{chapter.7}% 374
\BOOKMARK [2][-]{subsection.7.41.1}{\376\377\0007\000.\0004\0001\000.\0001\000\040\000T\000y\000p\000e\000d\000e\000f\000\040\000D\000o\000c\000u\000m\000e\000n\000t\000a\000t\000i\000o\000n}{section.7.41}% 375
\BOOKMARK [3][-]{subsubsection.7.41.1.1}{\376\377\0007\000.\0004\0001\000.\0001\000.\0001\000\040\000s\000d\000l\000\137\000u\000n\000i\000q\000u\000e\000\137\000p\000t\000r}{subsection.7.41.1}% 376
\BOOKMARK [2][-]{subsection.7.41.2}{\376\377\0007\000.\0004\0001\000.\0002\000\040\000F\000u\000n\000c\000t\000i\000o\000n\000\040\000D\000o\000c\000u\000m\000e\000n\000t\000a\000t\000i\000o\000n}{section.7.41}% 377
\BOOKMARK [3][-]{subsubsection.7.41.2.1}{\376\377\0007\000.\0004\0001\000.\0002\000.\0001\000\040\000s\000d\000l\000\137\000m\000a\000k\000e\000\137\000s\000h\000a\000r\000e\000d\000\050\000\051}{subsection.7.41.2}% 378
\BOOKMARK [1][-]{section.7.42}{\376\377\0007\000.\0004\0002\000\040\000p\000o\000i\000n\000t\000e\000r\000\137\000w\000r\000a\000p\000p\000e\000r\000s\000.\000h}{chapter.7}% 379
\BOOKMARK [1][-]{section.7.43}{\376\377\0007\000.\0004\0003\000\040\000i\000n\000c\000l\000u\000d\000e\000/\000u\000t\000i\000l\000i\000t\000y\000/\000s\000e\000l\000e\000c\000t\000i\000o\000n\000\137\000m\000a\000n\000a\000g\000e\000r\000.\000h\000\040\000F\000i\000l\000e\000\040\000R\000e\000f\000e\000r\000e\000n\000c\000e}{chapter.7}% 380
\BOOKMARK [1][-]{section.7.44}{\376\377\0007\000.\0004\0004\000\040\000s\000e\000l\000e\000c\000t\000i\000o\000n\000\137\000m\000a\000n\000a\000g\000e\000r\000.\000h}{chapter.7}% 381
\BOOKMARK [1][-]{section.7.45}{\376\377\0007\000.\0004\0005\000\040\000i\000n\000c\000l\000u\000d\000e\000/\000u\000t\000i\000l\000i\000t\000y\000/\000u\000t\000i\000l\000i\000t\000y\000.\000h\000\040\000F\000i\000l\000e\000\040\000R\000e\000f\000e\000r\000e\000n\000c\000e}{chapter.7}% 382
\BOOKMARK [2][-]{subsection.7.45.1}{\376\377\0007\000.\0004\0005\000.\0001\000\040\000M\000a\000c\000r\000o\000\040\000D\000e\000f\000i\000n\000i\000t\000i\000o\000n\000\040\000D\000o\000c\000u\000m\000e\000n\000t\000a\000t\000i\000o\000n}{section.7.45}% 383
\BOOKMARK [3][-]{subsubsection.7.45.1.1}{\376\377\0007\000.\0004\0005\000.\0001\000.\0001\000\040\000\137\000U\000S\000E\000\137\000M\000A\000T\000H\000\137\000D\000E\000F\000I\000N\000E\000S}{subsection.7.45.1}% 384
\BOOKMARK [2][-]{subsection.7.45.2}{\376\377\0007\000.\0004\0005\000.\0002\000\040\000F\000u\000n\000c\000t\000i\000o\000n\000\040\000D\000o\000c\000u\000m\000e\000n\000t\000a\000t\000i\000o\000n}{section.7.45}% 385
\BOOKMARK [3][-]{subsubsection.7.45.2.1}{\376\377\0007\000.\0004\0005\000.\0002\000.\0001\000\040\000n\000o\000r\000m\000a\000l\000i\000z\000e\000A\000n\000g\000l\000e\000\050\000\051}{subsection.7.45.2}% 386
\BOOKMARK [3][-]{subsubsection.7.45.2.2}{\376\377\0007\000.\0004\0005\000.\0002\000.\0002\000\040\000p\000o\000l\000a\000r\000T\000o\000C\000a\000r\000t\000e\000s\000i\000a\000n\000\050\000\051}{subsection.7.45.2}% 387
\BOOKMARK [3][-]{subsubsection.7.45.2.3}{\376\377\0007\000.\0004\0005\000.\0002\000.\0003\000\040\000r\000e\000c\000t\000C\000o\000l\000l\000i\000d\000e\000\050\000\051}{subsection.7.45.2}% 388
\BOOKMARK [1][-]{section.7.46}{\376\377\0007\000.\0004\0006\000\040\000u\000t\000i\000l\000i\000t\000y\000.\000h}{chapter.7}% 389
\BOOKMARK [1][-]{section.7.47}{\376\377\0007\000.\0004\0007\000\040\000i\000n\000c\000l\000u\000d\000e\000/\000u\000t\000i\000l\000i\000t\000y\000/\000v\000e\000c\000t\000o\000r\0002\000d\000.\000h\000\040\000F\000i\000l\000e\000\040\000R\000e\000f\000e\000r\000e\000n\000c\000e}{chapter.7}% 390
\BOOKMARK [1][-]{section.7.48}{\376\377\0007\000.\0004\0008\000\040\000v\000e\000c\000t\000o\000r\0002\000d\000.\000h}{chapter.7}% 391
\BOOKMARK [1][-]{section.7.49}{\376\377\0007\000.\0004\0009\000\040\000i\000n\000c\000l\000u\000d\000e\000/\000v\000i\000e\000w\000/\000c\000a\000m\000e\000r\000a\000.\000h\000\040\000F\000i\000l\000e\000\040\000R\000e\000f\000e\000r\000e\000n\000c\000e}{chapter.7}% 392
\BOOKMARK [1][-]{section.7.50}{\376\377\0007\000.\0005\0000\000\040\000c\000a\000m\000e\000r\000a\000.\000h}{chapter.7}% 393
\BOOKMARK [1][-]{section.7.51}{\376\377\0007\000.\0005\0001\000\040\000i\000n\000c\000l\000u\000d\000e\000/\000v\000i\000e\000w\000/\000h\000u\000d\000.\000h\000\040\000F\000i\000l\000e\000\040\000R\000e\000f\000e\000r\000e\000n\000c\000e}{chapter.7}% 394
\BOOKMARK [1][-]{section.7.52}{\376\377\0007\000.\0005\0002\000\040\000h\000u\000d\000.\000h}{chapter.7}% 395
\BOOKMARK [1][-]{section.7.53}{\376\377\0007\000.\0005\0003\000\040\000i\000n\000c\000l\000u\000d\000e\000/\000v\000i\000e\000w\000/\000v\000i\000e\000w\000.\000h\000\040\000F\000i\000l\000e\000\040\000R\000e\000f\000e\000r\000e\000n\000c\000e}{chapter.7}% 396
\BOOKMARK [1][-]{section.7.54}{\376\377\0007\000.\0005\0004\000\040\000v\000i\000e\000w\000.\000h}{chapter.7}% 397
\BOOKMARK [1][-]{section.7.55}{\376\377\0007\000.\0005\0005\000\040\000i\000n\000c\000l\000u\000d\000e\000/\000v\000i\000e\000w\000/\000v\000i\000e\000w\000s\000.\000h\000\040\000F\000i\000l\000e\000\040\000R\000e\000f\000e\000r\000e\000n\000c\000e}{chapter.7}% 398
\BOOKMARK [1][-]{section.7.56}{\376\377\0007\000.\0005\0006\000\040\000v\000i\000e\000w\000s\000.\000h}{chapter.7}% 399
\BOOKMARK [0][-]{section*.204}{\376\377\000I\000n\000d\000e\000x}{}% 400
